GROUP,PACKAGE,CLASS,INSTRUCTION_MISSED,INSTRUCTION_COVERED,BRANCH_MISSED,BRANCH_COVERED,LINE_MISSED,LINE_COVERED,COMPLEXITY_MISSED,COMPLEXITY_COVERED,METHOD_MISSED,METHOD_COVERED
TeamVenture Business Service,com.teamventure.infrastructure.cache,StaticMapUrlCache,341,0,12,0,96,0,20,0,14,0
TeamVenture Business Service,com.teamventure.app.service,Jsons,73,0,12,0,20,0,12,0,6,0
TeamVenture Business Service,com.teamventure.app.service,Jsons.new TypeReference() {...},3,0,0,0,1,0,1,0,1,0
TeamVenture Business Service,com.teamventure.app.service,Jsons.new TypeReference() {...},3,0,0,0,1,0,1,0,1,0
TeamVenture Business Service,com.teamventure.app.service,PlanService.MapData,103,0,10,0,14,0,6,0,1,0
TeamVenture Business Service,com.teamventure.app.service,Jsons.new TypeReference() {...},3,0,0,0,1,0,1,0,1,0
TeamVenture Business Service,com.teamventure.app.service,PlanService.DayRouteType,21,0,0,0,4,0,1,0,1,0
TeamVenture Business Service,com.teamventure.app.service,XiaohongshuImportService.ScrapedNote,17,0,4,0,4,0,3,0,1,0
TeamVenture Business Service,com.teamventure.app.service,MarkdownOptimizeService,1115,0,168,0,212,0,99,0,15,0
TeamVenture Business Service,com.teamventure.app.service,PlanService,5379,0,565,0,1117,0,338,0,54,0
TeamVenture Business Service,com.teamventure.app.service,OssService.Category,15,0,0,0,3,0,1,0,1,0
TeamVenture Business Service,com.teamventure.app.service,OssService,379,55,67,4,77,11,46,2,9,2
TeamVenture Business Service,com.teamventure.app.service,OssService.UploadResult,18,0,0,0,1,0,1,0,1,0
TeamVenture Business Service,com.teamventure.app.service,InternalPlanCallbackService,135,0,6,0,32,0,6,0,3,0
TeamVenture Business Service,com.teamventure.app.service,XiaohongshuImportService,4023,0,754,0,765,0,445,0,64,0
TeamVenture Business Service,com.teamventure.app.service,PlanService.RouteSegment,15,0,0,0,6,0,1,0,1,0
TeamVenture Business Service,com.teamventure.app.service,XiaohongshuImportService.ResolveNoteIdResult,17,0,4,0,4,0,3,0,1,0
TeamVenture Business Service,com.teamventure.app.service,PlanService.new LinkedHashMap() {...},14,0,2,0,2,0,3,0,2,0
TeamVenture Business Service,com.teamventure.app.service,PlanService.new LinkedHashMap() {...},14,0,2,0,2,0,3,0,2,0
TeamVenture Business Service,com.teamventure.app.service,SupplierService,59,0,10,0,14,0,8,0,3,0
TeamVenture Business Service,com.teamventure.app.service,XiaohongshuImportService.ItinerarySignals,16,0,2,0,5,0,2,0,1,0
TeamVenture Business Service,com.teamventure.app.service,AuthService,385,22,46,0,87,7,29,2,6,2
TeamVenture Business Service,com.teamventure.app.support,BizException,5,10,0,0,2,4,1,2,1,2
TeamVenture Business Service,com.teamventure.app.support,JwtSupport,0,67,0,2,0,20,0,7,0,6
TeamVenture Business Service,com.teamventure.app.support,IdGenerator,9,0,0,0,2,0,2,0,2,0
TeamVenture Business Service,com.teamventure.app.support,ItineraryMarkdownSanitizer,284,0,44,0,57,0,26,0,4,0
TeamVenture Business Service,com.teamventure.app.support,ItineraryMarkdownParser,294,0,44,0,58,0,28,0,6,0
TeamVenture Business Service,com.teamventure.app.support,ItineraryMarkdownValidator,51,225,20,28,7,61,17,16,0,9
TeamVenture Business Service,com.teamventure.app.support,ItineraryMarkdownValidationResult,0,15,0,0,0,6,0,1,0,1
TeamVenture Business Service,com.teamventure.adapter.web.markdown,MarkdownController,43,0,0,0,10,0,3,0,3,0
TeamVenture Business Service,com.teamventure.adapter.web.markdown,MarkdownController.OptimizeRequest,3,0,0,0,1,0,1,0,1,0
TeamVenture Business Service,com.teamventure.adapter.web.markdown,MarkdownController.OptimizeResponse,6,0,0,0,3,0,1,0,1,0
TeamVenture Business Service,com.teamventure.adapter.web.markdown,MarkdownController.ConvertRequest,3,0,0,0,1,0,1,0,1,0
TeamVenture Business Service,com.teamventure.adapter.web.users,UserController.UserInfo,21,0,0,0,1,0,1,0,1,0
TeamVenture Business Service,com.teamventure.adapter.web.users,UserController,93,0,4,0,24,0,5,0,3,0
TeamVenture Business Service,com.teamventure.adapter.web.users,UserController.UpdateAvatarRequest,6,0,0,0,1,0,1,0,1,0
TeamVenture Business Service,com.teamventure.adapter.web.imports,XiaohongshuImportController.ParseResponse,3,0,0,0,1,0,1,0,1,0
TeamVenture Business Service,com.teamventure.adapter.web.imports,XiaohongshuImportController,47,0,0,0,12,0,3,0,3,0
TeamVenture Business Service,com.teamventure.adapter.web.imports,XiaohongshuImportController.ParseRequest,3,0,0,0,1,0,1,0,1,0
TeamVenture Business Service,com.teamventure.adapter.web.imports,XiaohongshuImportController.ResolveNoteIdResponse,3,0,0,0,1,0,1,0,1,0
TeamVenture Business Service,com.teamventure.app.service.dto,BatchPlanCallbackRequest,3,0,0,0,1,0,1,0,1,0
TeamVenture Business Service,com.teamventure.adapter.web.media,MediaController,92,0,9,0,18,0,9,0,4,0
TeamVenture Business Service,com.teamventure.adapter.web.media,MediaController.UploadResponse,15,0,0,0,1,0,1,0,1,0
TeamVenture Business Service,com.teamventure.adapter.web.media,MediaController.PresignResponse,6,0,0,0,1,0,1,0,1,0
TeamVenture Business Service,com.teamventure.adapter.web.auth,AuthController,24,6,2,0,5,3,3,1,2,1
TeamVenture Business Service,com.teamventure.adapter.web.auth,AuthController.LoginRequest,3,0,0,0,1,0,1,0,1,0
TeamVenture Business Service,com.teamventure.adapter.web.auth,AuthController.LoginResponse,9,0,0,0,4,0,1,0,1,0
TeamVenture Business Service,com.teamventure.adapter.web.auth,AuthController.LoginResponse.UserInfo,21,0,0,0,8,0,1,0,1,0
TeamVenture Business Service,com.teamventure.adapter.web.plans,PlanController.SupplierContactRequest,3,0,0,0,1,0,1,0,1,0
TeamVenture Business Service,com.teamventure.adapter.web.plans,PlanController,219,0,2,0,44,0,14,0,13,0
TeamVenture Business Service,com.teamventure.adapter.web.plans,PlanController.GenerateResponse,9,0,0,0,4,0,1,0,1,0
TeamVenture Business Service,com.teamventure.adapter.web.plans,PlanController.GenerateRequest,3,0,0,0,1,0,1,0,1,0
TeamVenture Business Service,com.teamventure.adapter.web.plans,PlanController.UpdateItineraryRequest,3,0,0,0,1,0,1,0,1,0
TeamVenture Business Service,com.teamventure.adapter.web.plans,PlanController.SaveRequest,3,0,0,0,1,0,1,0,1,0
TeamVenture Business Service,com.teamventure.adapter.web.plans,PlanController.SubmitReviewRequest,3,0,0,0,1,0,1,0,1,0
TeamVenture Business Service,com.teamventure.adapter.web.common,ApiResponse,62,0,0,0,18,0,8,0,8,0
TeamVenture Business Service,com.teamventure.adapter.web.common,ApiError,18,0,0,0,7,0,4,0,4,0
TeamVenture Business Service,com.teamventure.adapter.web.common,GlobalExceptionHandler,243,0,30,0,41,0,25,0,10,0
TeamVenture Business Service,com.teamventure.infrastructure.persistence.po,PlanPO,301,0,0,0,71,0,52,0,52,0
TeamVenture Business Service,com.teamventure.infrastructure.persistence.po,SupplierContactLogPO,45,0,0,0,13,0,13,0,13,0
TeamVenture Business Service,com.teamventure.infrastructure.persistence.po,JsonHelper,74,0,12,0,17,0,11,0,5,0
TeamVenture Business Service,com.teamventure.infrastructure.persistence.po,PlanRequestPO,129,0,0,0,37,0,37,0,37,0
TeamVenture Business Service,com.teamventure.infrastructure.persistence.po,StaticMapUrlPO,76,0,2,0,27,0,17,0,16,0
TeamVenture Business Service,com.teamventure.infrastructure.persistence.po,SupplierPO,17,0,0,0,5,0,5,0,5,0
TeamVenture Business Service,com.teamventure.infrastructure.persistence.po,DomainEventPO,59,0,0,0,17,0,17,0,17,0
TeamVenture Business Service,com.teamventure.infrastructure.persistence.po,UserPO,59,0,0,0,17,0,17,0,17,0
TeamVenture Business Service,com.teamventure.infrastructure.config,DataSourceConfig,0,7,0,0,0,2,0,2,0,2
TeamVenture Business Service,com.teamventure.infrastructure.config,MapConfig,19,57,0,0,9,18,2,3,2,3
TeamVenture Business Service,com.teamventure.infrastructure.config,MybatisPlusConfig,0,14,0,0,0,4,0,2,0,2
TeamVenture Business Service,com.teamventure,TeamVentureApplication,8,3,0,0,3,1,1,1,1,1
TeamVenture Business Service,com.teamventure.infrastructure.map,PathStyleConfig.PathSegment,108,19,22,0,1,3,17,4,6,4
TeamVenture Business Service,com.teamventure.infrastructure.map,PathStyleConfig.PathSegment.PathSegmentBuilder,8,21,0,0,0,1,1,4,1,4
TeamVenture Business Service,com.teamventure.infrastructure.map,PathStyleConfig.PathStyle,3,69,0,0,1,14,1,5,1,5
TeamVenture Business Service,com.teamventure.infrastructure.map,ZoomCalculator,6,141,3,18,3,43,3,16,0,7
TeamVenture Business Service,com.teamventure.infrastructure.map,PathStyleConfig,9,212,4,14,3,37,5,13,1,8
TeamVenture Business Service,com.teamventure.infrastructure.map,ZoomCalculator.BoundingBox,60,27,0,0,6,8,2,3,2,3
TeamVenture Business Service,com.teamventure.infrastructure.map,MarkerStyleConfig,0,136,0,14,0,28,0,12,0,5
TeamVenture Business Service,com.teamventure.infrastructure.map,MapDegradationHandler,23,169,7,11,6,46,7,11,0,9
TeamVenture Business Service,com.teamventure.infrastructure.map,CityNameExtractor,7,115,7,19,3,34,8,12,1,6
TeamVenture Business Service,com.teamventure.infrastructure.map,MarkerStyleConfig.MarkerStyle,0,62,0,0,0,13,0,5,0,5
TeamVenture Business Service,com.teamventure.adapter.web.internal,InternalPlanController,24,0,2,0,8,0,3,0,2,0
TeamVenture Business Service,com.teamventure.adapter.web.suppliers,SupplierController,32,0,0,0,8,0,3,0,3,0
TeamVenture Business Service,com.teamventure.domain.valueobject,MapRequest,479,22,94,0,28,7,65,7,18,7
TeamVenture Business Service,com.teamventure.domain.valueobject,MapRequest.Point,75,46,5,5,1,9,8,8,4,7
TeamVenture Business Service,com.teamventure.domain.valueobject,MapSizePreset,106,53,10,0,14,10,13,2,8,2
TeamVenture Business Service,com.teamventure.domain.valueobject,MapRequest.Point.PointBuilder,6,27,0,0,0,9,1,4,1,4
TeamVenture Business Service,com.teamventure.domain.valueobject,MapRequest.MapRequestBuilder,18,78,0,0,0,26,1,9,1,9
