<?xml version="1.0" encoding="UTF-8" standalone="yes"?><!DOCTYPE report PUBLIC "-//JACOCO//DTD Report 1.1//EN" "report.dtd"><report name="TeamVenture Business Service"><sessioninfo id="ip-192-168-43-18.us-west-2.compute.internal-e7097dae" start="1768399007229" dump="1768399007884"/><sessioninfo id="ip-192-168-43-12.us-west-2.compute.internal-36c777c1" start="1768474446623" dump="1768474450320"/><sessioninfo id="ip-192-168-43-12.us-west-2.compute.internal-4a8d8d51" start="1768474506074" dump="1768474509278"/><sessioninfo id="ip-192-168-43-12.us-west-2.compute.internal-45c935db" start="1768474520478" dump="1768474523740"/><sessioninfo id="ip-192-168-43-24.us-west-2.compute.internal-1eb255e7" start="1768729468686" dump="1768729484889"/><sessioninfo id="ip-192-168-43-24.us-west-2.compute.internal-a6befa23" start="1768729503153" dump="1768729503736"/><sessioninfo id="ip-192-168-43-24.us-west-2.compute.internal-26819324" start="1768735915146" dump="1768735915612"/><sessioninfo id="ip-192-168-43-24.us-west-2.compute.internal-e75b6518" start="1768735989106" dump="1768735989572"/><sessioninfo id="ip-192-168-43-24.us-west-2.compute.internal-e74db941" start="1768736035125" dump="1768736035593"/><sessioninfo id="ip-192-168-43-24.us-west-2.compute.internal-d1624ca1" start="1768737490112" dump="1768737490597"/><sessioninfo id="ip-192-168-43-24.us-west-2.compute.internal-3bdd4cbf" start="1768737988222" dump="1768737988764"/><sessioninfo id="ip-192-168-43-24.us-west-2.compute.internal-f897e2d8" start="1768739212149" dump="1768739212642"/><sessioninfo id="ip-192-168-43-24.us-west-2.compute.internal-b9ef775d" start="1768743229551" dump="1768743230020"/><sessioninfo id="ip-192-168-43-24.us-west-2.compute.internal-1a8ee470" start="1768744166478" dump="1768744166971"/><sessioninfo id="ip-192-168-43-24.us-west-2.compute.internal-3ba47cf6" start="1768744251613" dump="1768744252153"/><sessioninfo id="ip-192-168-43-24.us-west-2.compute.internal-13de12a0" start="1768744612586" dump="1768744613057"/><sessioninfo id="ip-192-168-43-24.us-west-2.compute.internal-f92b225f" start="1768746906129" dump="1768746906606"/><sessioninfo id="ip-192-168-43-24.us-west-2.compute.internal-cb3e7a6f" start="1768749427537" dump="1768749428004"/><sessioninfo id="ip-192-168-43-24.us-west-2.compute.internal-587b9c9d" start="1768749946033" dump="1768749946562"/><package name="com/teamventure/infrastructure/cache"><class name="com/teamventure/infrastructure/cache/StaticMapUrlCache" sourcefilename="StaticMapUrlCache.java"><method name="&lt;init&gt;" desc="(IILorg/springframework/data/redis/core/RedisTemplate;Lcom/teamventure/infrastructure/persistence/mapper/StaticMapUrlMapper;)V" line="60"><counter type="INSTRUCTION" missed="42" covered="0"/><counter type="LINE" missed="11" covered="0"/><counter type="COMPLEXITY" missed="1" covered="0"/><counter type="METHOD" missed="1" covered="0"/></method><method name="getOrGenerate" desc="(Lcom/teamventure/domain/valueobject/MapRequest;Ljava/util/function/Supplier;)Ljava/lang/String;" line="83"><counter type="INSTRUCTION" missed="77" covered="0"/><counter type="BRANCH" missed="8" covered="0"/><counter type="LINE" missed="22" covered="0"/><counter type="COMPLEXITY" missed="5" covered="0"/><counter type="METHOD" missed="1" covered="0"/></method><method name="getFromRedis" desc="(Ljava/lang/String;)Ljava/lang/String;" line="128"><counter type="INSTRUCTION" missed="16" covered="0"/><counter type="LINE" missed="4" covered="0"/><counter type="COMPLEXITY" missed="1" covered="0"/><counter type="METHOD" missed="1" covered="0"/></method><method name="putToRedis" desc="(Ljava/lang/String;Ljava/lang/String;)V" line="140"><counter type="INSTRUCTION" missed="19" covered="0"/><counter type="LINE" missed="5" covered="0"/><counter type="COMPLEXITY" missed="1" covered="0"/><counter type="METHOD" missed="1" covered="0"/></method><method name="getFromDatabase" desc="(Ljava/lang/String;)Ljava/lang/String;" line="156"><counter type="INSTRUCTION" missed="34" covered="0"/><counter type="BRANCH" missed="2" covered="0"/><counter type="LINE" missed="10" covered="0"/><counter type="COMPLEXITY" missed="2" covered="0"/><counter type="METHOD" missed="1" covered="0"/></method><method name="saveToAllLayers" desc="(Ljava/lang/String;Ljava/lang/String;Lcom/teamventure/domain/valueobject/MapRequest;)V" line="182"><counter type="INSTRUCTION" missed="17" covered="0"/><counter type="LINE" missed="4" covered="0"/><counter type="COMPLEXITY" missed="1" covered="0"/><counter type="METHOD" missed="1" covered="0"/></method><method name="serializeRequest" desc="(Lcom/teamventure/domain/valueobject/MapRequest;)Ljava/lang/String;" line="210"><counter type="INSTRUCTION" missed="29" covered="0"/><counter type="LINE" missed="7" covered="0"/><counter type="COMPLEXITY" missed="1" covered="0"/><counter type="METHOD" missed="1" covered="0"/></method><method name="getStats" desc="()Lcom/github/benmanes/caffeine/cache/stats/CacheStats;" line="228"><counter type="INSTRUCTION" missed="4" covered="0"/><counter type="LINE" missed="1" covered="0"/><counter type="COMPLEXITY" missed="1" covered="0"/><counter type="METHOD" missed="1" covered="0"/></method><method name="clearMemoryCache" desc="()V" line="235"><counter type="INSTRUCTION" missed="7" covered="0"/><counter type="LINE" missed="3" covered="0"/><counter type="COMPLEXITY" missed="1" covered="0"/><counter type="METHOD" missed="1" covered="0"/></method><method name="warmUp" desc="(Ljava/util/List;Ljava/util/function/Supplier;)V" line="246"><counter type="INSTRUCTION" missed="15" covered="0"/><counter type="LINE" missed="4" covered="0"/><counter type="COMPLEXITY" missed="1" covered="0"/><counter type="METHOD" missed="1" covered="0"/></method><method name="lambda$warmUp$2" desc="(Ljava/util/function/Supplier;Lcom/teamventure/domain/valueobject/MapRequest;)V" line="249"><counter type="INSTRUCTION" missed="25" covered="0"/><counter type="BRANCH" missed="2" covered="0"/><counter type="LINE" missed="7" covered="0"/><counter type="COMPLEXITY" missed="2" covered="0"/><counter type="METHOD" missed="1" covered="0"/></method><method name="lambda$saveToAllLayers$1" desc="(Ljava/lang/String;Ljava/lang/String;Lcom/teamventure/domain/valueobject/MapRequest;)V" line="190"><counter type="INSTRUCTION" missed="39" covered="0"/><counter type="LINE" missed="12" covered="0"/><counter type="COMPLEXITY" missed="1" covered="0"/><counter type="METHOD" missed="1" covered="0"/></method><method name="lambda$getFromDatabase$0" desc="(Ljava/lang/String;)V" line="164"><counter type="INSTRUCTION" missed="13" covered="0"/><counter type="LINE" missed="5" covered="0"/><counter type="COMPLEXITY" missed="1" covered="0"/><counter type="METHOD" missed="1" covered="0"/></method><method name="&lt;clinit&gt;" desc="()V" line="40"><counter type="INSTRUCTION" missed="4" covered="0"/><counter type="LINE" missed="1" covered="0"/><counter type="COMPLEXITY" missed="1" covered="0"/><counter type="METHOD" missed="1" covered="0"/></method><counter type="INSTRUCTION" missed="341" covered="0"/><counter type="BRANCH" missed="12" covered="0"/><counter type="LINE" missed="96" covered="0"/><counter type="COMPLEXITY" missed="20" covered="0"/><counter type="METHOD" missed="14" covered="0"/><counter type="CLASS" missed="1" covered="0"/></class><sourcefile name="StaticMapUrlCache.java"><line nr="40" mi="4" ci="0" mb="0" cb="0"/><line nr="60" mi="2" ci="0" mb="0" cb="0"/><line nr="62" mi="4" ci="0" mb="0" cb="0"/><line nr="63" mi="4" ci="0" mb="0" cb="0"/><line nr="64" mi="1" ci="0" mb="0" cb="0"/><line nr="65" mi="1" ci="0" mb="0" cb="0"/><line nr="66" mi="2" ci="0" mb="0" cb="0"/><line nr="68" mi="3" ci="0" mb="0" cb="0"/><line nr="69" mi="3" ci="0" mb="0" cb="0"/><line nr="71" mi="8" ci="0" mb="0" cb="0"/><line nr="72" mi="13" ci="0" mb="0" cb="0"/><line nr="73" mi="1" ci="0" mb="0" cb="0"/><line nr="83" mi="3" ci="0" mb="2" cb="0"/><line nr="84" mi="4" ci="0" mb="0" cb="0"/><line nr="87" mi="3" ci="0" mb="0" cb="0"/><line nr="90" mi="6" ci="0" mb="0" cb="0"/><line nr="91" mi="2" ci="0" mb="2" cb="0"/><line nr="92" mi="4" ci="0" mb="0" cb="0"/><line nr="93" mi="2" ci="0" mb="0" cb="0"/><line nr="97" mi="4" ci="0" mb="0" cb="0"/><line nr="98" mi="2" ci="0" mb="2" cb="0"/><line nr="99" mi="4" ci="0" mb="0" cb="0"/><line nr="100" mi="5" ci="0" mb="0" cb="0"/><line nr="101" mi="2" ci="0" mb="0" cb="0"/><line nr="105" mi="4" ci="0" mb="0" cb="0"/><line nr="106" mi="2" ci="0" mb="2" cb="0"/><line nr="107" mi="4" ci="0" mb="0" cb="0"/><line nr="108" mi="4" ci="0" mb="0" cb="0"/><line nr="109" mi="5" ci="0" mb="0" cb="0"/><line nr="110" mi="2" ci="0" mb="0" cb="0"/><line nr="114" mi="4" ci="0" mb="0" cb="0"/><line nr="115" mi="4" ci="0" mb="0" cb="0"/><line nr="118" mi="5" ci="0" mb="0" cb="0"/><line nr="120" mi="2" ci="0" mb="0" cb="0"/><line nr="128" mi="8" ci="0" mb="0" cb="0"/><line nr="129" mi="1" ci="0" mb="0" cb="0"/><line nr="130" mi="5" ci="0" mb="0" cb="0"/><line nr="131" mi="2" ci="0" mb="0" cb="0"/><line nr="140" mi="11" ci="0" mb="0" cb="0"/><line nr="146" mi="1" ci="0" mb="0" cb="0"/><line nr="147" mi="5" ci="0" mb="0" cb="0"/><line nr="148" mi="1" ci="0" mb="0" cb="0"/><line nr="149" mi="1" ci="0" mb="0" cb="0"/><line nr="156" mi="4" ci="0" mb="0" cb="0"/><line nr="157" mi="5" ci="0" mb="0" cb="0"/><line nr="158" mi="6" ci="0" mb="0" cb="0"/><line nr="160" mi="2" ci="0" mb="2" cb="0"/><line nr="162" mi="5" ci="0" mb="0" cb="0"/><line nr="164" mi="5" ci="0" mb="0" cb="0"/><line nr="165" mi="1" ci="0" mb="0" cb="0"/><line nr="166" mi="5" ci="0" mb="0" cb="0"/><line nr="167" mi="1" ci="0" mb="0" cb="0"/><line nr="168" mi="1" ci="0" mb="0" cb="0"/><line nr="169" mi="3" ci="0" mb="0" cb="0"/><line nr="171" mi="1" ci="0" mb="0" cb="0"/><line nr="172" mi="5" ci="0" mb="0" cb="0"/><line nr="173" mi="1" ci="0" mb="0" cb="0"/><line nr="174" mi="2" ci="0" mb="0" cb="0"/><line nr="182" mi="5" ci="0" mb="0" cb="0"/><line nr="185" mi="4" ci="0" mb="0" cb="0"/><line nr="188" mi="7" ci="0" mb="0" cb="0"/><line nr="190" mi="4" ci="0" mb="0" cb="0"/><line nr="191" mi="3" ci="0" mb="0" cb="0"/><line nr="192" mi="3" ci="0" mb="0" cb="0"/><line nr="193" mi="5" ci="0" mb="0" cb="0"/><line nr="194" mi="4" ci="0" mb="0" cb="0"/><line nr="195" mi="3" ci="0" mb="0" cb="0"/><line nr="197" mi="5" ci="0" mb="0" cb="0"/><line nr="198" mi="4" ci="0" mb="0" cb="0"/><line nr="199" mi="1" ci="0" mb="0" cb="0"/><line nr="200" mi="5" ci="0" mb="0" cb="0"/><line nr="201" mi="1" ci="0" mb="0" cb="0"/><line nr="202" mi="1" ci="0" mb="0" cb="0"/><line nr="203" mi="1" ci="0" mb="0" cb="0"/><line nr="210" mi="8" ci="0" mb="0" cb="0"/><line nr="212" mi="6" ci="0" mb="0" cb="0"/><line nr="213" mi="5" ci="0" mb="0" cb="0"/><line nr="214" mi="5" ci="0" mb="0" cb="0"/><line nr="215" mi="2" ci="0" mb="0" cb="0"/><line nr="217" mi="1" ci="0" mb="0" cb="0"/><line nr="218" mi="2" ci="0" mb="0" cb="0"/><line nr="228" mi="4" ci="0" mb="0" cb="0"/><line nr="235" mi="3" ci="0" mb="0" cb="0"/><line nr="236" mi="3" ci="0" mb="0" cb="0"/><line nr="237" mi="1" ci="0" mb="0" cb="0"/><line nr="246" mi="6" ci="0" mb="0" cb="0"/><line nr="248" mi="5" ci="0" mb="0" cb="0"/><line nr="249" mi="3" ci="0" mb="0" cb="0"/><line nr="250" mi="6" ci="0" mb="0" cb="0"/><line nr="252" mi="2" ci="0" mb="2" cb="0"/><line nr="254" mi="4" ci="0" mb="0" cb="0"/><line nr="255" mi="5" ci="0" mb="0" cb="0"/><line nr="256" mi="4" ci="0" mb="0" cb="0"/><line nr="258" mi="1" ci="0" mb="0" cb="0"/><line nr="260" mi="3" ci="0" mb="0" cb="0"/><line nr="261" mi="1" ci="0" mb="0" cb="0"/><counter type="INSTRUCTION" missed="341" covered="0"/><counter type="BRANCH" missed="12" covered="0"/><counter type="LINE" missed="96" covered="0"/><counter type="COMPLEXITY" missed="20" covered="0"/><counter type="METHOD" missed="14" covered="0"/><counter type="CLASS" missed="1" covered="0"/></sourcefile><counter type="INSTRUCTION" missed="341" covered="0"/><counter type="BRANCH" missed="12" covered="0"/><counter type="LINE" missed="96" covered="0"/><counter type="COMPLEXITY" missed="20" covered="0"/><counter type="METHOD" missed="14" covered="0"/><counter type="CLASS" missed="1" covered="0"/></package><package name="com/teamventure/app/service"><class name="com/teamventure/app/service/XiaohongshuImportService" sourcefilename="XiaohongshuImportService.java"><method name="&lt;init&gt;" desc="()V" line="44"><counter type="INSTRUCTION" missed="0" covered="16"/><counter type="LINE" missed="0" covered="7"/><counter type="COMPLEXITY" missed="0" covered="1"/><counter type="METHOD" missed="0" covered="1"/></method><method name="&lt;init&gt;" desc="(Lcom/teamventure/app/service/XiaohongshuImportService$HtmlFetcher;)V" line="52"><counter type="INSTRUCTION" missed="3" covered="17"/><counter type="BRANCH" missed="1" covered="1"/><counter type="LINE" missed="0" covered="7"/><counter type="COMPLEXITY" missed="1" covered="1"/><counter type="METHOD" missed="0" covered="1"/></method><method name="parse" desc="(Ljava/lang/String;)Lcom/teamventure/adapter/web/imports/XiaohongshuImportController$ParseResponse;" line="61"><counter type="INSTRUCTION" missed="33" covered="122"/><counter type="BRANCH" missed="9" covered="9"/><counter type="LINE" missed="3" covered="32"/><counter type="COMPLEXITY" missed="8" covered="2"/><counter type="METHOD" missed="0" covered="1"/></method><method name="buildImportedContentMarkdown" desc="(Lcom/teamventure/adapter/web/imports/XiaohongshuImportController$ParseResponse;Ljava/lang/String;)Ljava/lang/String;" line="119"><counter type="INSTRUCTION" missed="59" covered="0"/><counter type="BRANCH" missed="12" covered="0"/><counter type="LINE" missed="7" covered="0"/><counter type="COMPLEXITY" missed="7" covered="0"/><counter type="METHOD" missed="1" covered="0"/></method><method name="hasStrongDayMarkers" desc="(Ljava/lang/String;)Z" line="137"><counter type="INSTRUCTION" missed="24" covered="0"/><counter type="BRANCH" missed="6" covered="0"/><counter type="LINE" missed="5" covered="0"/><counter type="COMPLEXITY" missed="4" covered="0"/><counter type="METHOD" missed="1" covered="0"/></method><method name="looksLikeShareText" desc="(Ljava/lang/String;Ljava/lang/String;)Z" line="145"><counter type="INSTRUCTION" missed="63" covered="0"/><counter type="BRANCH" missed="24" covered="0"/><counter type="LINE" missed="8" covered="0"/><counter type="COMPLEXITY" missed="13" covered="0"/><counter type="METHOD" missed="1" covered="0"/></method><method name="extractUrl" desc="(Ljava/lang/String;)Ljava/util/Optional;" line="158"><counter type="INSTRUCTION" missed="0" covered="14"/><counter type="BRANCH" missed="0" covered="2"/><counter type="LINE" missed="0" covered="3"/><counter type="COMPLEXITY" missed="0" covered="2"/><counter type="METHOD" missed="0" covered="1"/></method><method name="fetchHtml" desc="(Ljava/lang/String;)Ljava/lang/String;" line="164"><counter type="INSTRUCTION" missed="31" covered="19"/><counter type="BRANCH" missed="4" covered="0"/><counter type="LINE" missed="5" covered="7"/><counter type="COMPLEXITY" missed="2" covered="1"/><counter type="METHOD" missed="0" covered="1"/></method><method name="extractTitleFromHtml" desc="(Ljava/lang/String;)Ljava/util/Optional;" line="182"><counter type="INSTRUCTION" missed="2" covered="14"/><counter type="BRANCH" missed="1" covered="1"/><counter type="LINE" missed="0" covered="3"/><counter type="COMPLEXITY" missed="1" covered="1"/><counter type="METHOD" missed="0" covered="1"/></method><method name="extractJsonStringField" desc="(Ljava/lang/String;Ljava/lang/String;)Ljava/util/Optional;" line="192"><counter type="INSTRUCTION" missed="12" covered="52"/><counter type="BRANCH" missed="8" covered="8"/><counter type="LINE" missed="0" covered="13"/><counter type="COMPLEXITY" missed="8" covered="1"/><counter type="METHOD" missed="0" covered="1"/></method><method name="extractJsonStringLiteral" desc="(Ljava/lang/String;I)Ljava/lang/String;" line="217"><counter type="INSTRUCTION" missed="8" covered="61"/><counter type="BRANCH" missed="5" covered="11"/><counter type="LINE" missed="1" covered="17"/><counter type="COMPLEXITY" missed="5" covered="4"/><counter type="METHOD" missed="0" covered="1"/></method><method name="detectItinerary" desc="(Ljava/lang/String;)Lcom/teamventure/app/service/XiaohongshuImportService$ItinerarySignals;" line="244"><counter type="INSTRUCTION" missed="75" covered="0"/><counter type="BRANCH" missed="16" covered="0"/><counter type="LINE" missed="15" covered="0"/><counter type="COMPLEXITY" missed="9" covered="0"/><counter type="METHOD" missed="1" covered="0"/></method><method name="DEFAULT_DAYS" desc="()I" line="280"><counter type="INSTRUCTION" missed="2" covered="0"/><counter type="LINE" missed="1" covered="0"/><counter type="COMPLEXITY" missed="1" covered="0"/><counter type="METHOD" missed="1" covered="0"/></method><method name="normalizeForDetection" desc="(Ljava/lang/String;)Ljava/lang/String;" line="284"><counter type="INSTRUCTION" missed="20" covered="0"/><counter type="BRANCH" missed="2" covered="0"/><counter type="LINE" missed="4" covered="0"/><counter type="COMPLEXITY" missed="2" covered="0"/><counter type="METHOD" missed="1" covered="0"/></method><method name="countDayMarkers" desc="(Ljava/lang/String;)I" line="291"><counter type="INSTRUCTION" missed="13" covered="0"/><counter type="BRANCH" missed="2" covered="0"/><counter type="LINE" missed="5" covered="0"/><counter type="COMPLEXITY" missed="2" covered="0"/><counter type="METHOD" missed="1" covered="0"/></method><method name="hasDaySectionsWithContent" desc="(Ljava/lang/String;)Z" line="302"><counter type="INSTRUCTION" missed="42" covered="0"/><counter type="BRANCH" missed="10" covered="0"/><counter type="LINE" missed="12" covered="0"/><counter type="COMPLEXITY" missed="6" covered="0"/><counter type="METHOD" missed="1" covered="0"/></method><method name="hasMeaningfulLineSoon" desc="(Ljava/lang/String;)Z" line="318"><counter type="INSTRUCTION" missed="56" covered="0"/><counter type="BRANCH" missed="14" covered="0"/><counter type="LINE" missed="10" covered="0"/><counter type="COMPLEXITY" missed="8" covered="0"/><counter type="METHOD" missed="1" covered="0"/></method><method name="guessDestination" desc="(Ljava/lang/String;)Ljava/lang/String;" line="335"><counter type="INSTRUCTION" missed="51" covered="0"/><counter type="BRANCH" missed="6" covered="0"/><counter type="LINE" missed="8" covered="0"/><counter type="COMPLEXITY" missed="4" covered="0"/><counter type="METHOD" missed="1" covered="0"/></method><method name="buildMarkdown" desc="(Lcom/teamventure/adapter/web/imports/XiaohongshuImportController$ParseResponse;Ljava/lang/String;)Ljava/lang/String;" line="348"><counter type="INSTRUCTION" missed="112" covered="0"/><counter type="BRANCH" missed="20" covered="0"/><counter type="LINE" missed="15" covered="0"/><counter type="COMPLEXITY" missed="11" covered="0"/><counter type="METHOD" missed="1" covered="0"/></method><method name="buildItineraryMarkdown" desc="(Ljava/lang/String;)Ljava/lang/String;" line="391"><counter type="INSTRUCTION" missed="196" covered="0"/><counter type="BRANCH" missed="20" covered="0"/><counter type="LINE" missed="38" covered="0"/><counter type="COMPLEXITY" missed="11" covered="0"/><counter type="METHOD" missed="1" covered="0"/></method><method name="normalizeDayMarker" desc="(Ljava/lang/String;)Ljava/lang/String;" line="447"><counter type="INSTRUCTION" missed="52" covered="0"/><counter type="BRANCH" missed="14" covered="0"/><counter type="LINE" missed="7" covered="0"/><counter type="COMPLEXITY" missed="8" covered="0"/><counter type="METHOD" missed="1" covered="0"/></method><method name="splitDayRest" desc="(Ljava/lang/String;)[Ljava/lang/String;" line="458"><counter type="INSTRUCTION" missed="96" covered="0"/><counter type="BRANCH" missed="18" covered="0"/><counter type="LINE" missed="17" covered="0"/><counter type="COMPLEXITY" missed="10" covered="0"/><counter type="METHOD" missed="1" covered="0"/></method><method name="toBullets" desc="(Ljava/lang/String;)Ljava/lang/String;" line="482"><counter type="INSTRUCTION" missed="78" covered="0"/><counter type="BRANCH" missed="18" covered="0"/><counter type="LINE" missed="14" covered="0"/><counter type="COMPLEXITY" missed="10" covered="0"/><counter type="METHOD" missed="1" covered="0"/></method><method name="normalizeToBullet" desc="(Ljava/lang/String;)Ljava/lang/String;" line="501"><counter type="INSTRUCTION" missed="66" covered="0"/><counter type="BRANCH" missed="16" covered="0"/><counter type="LINE" missed="7" covered="0"/><counter type="COMPLEXITY" missed="9" covered="0"/><counter type="METHOD" missed="1" covered="0"/></method><method name="toBlockQuoteLines" desc="(Ljava/lang/String;)Ljava/lang/String;" line="512"><counter type="INSTRUCTION" missed="63" covered="0"/><counter type="BRANCH" missed="10" covered="0"/><counter type="LINE" missed="10" covered="0"/><counter type="COMPLEXITY" missed="6" covered="0"/><counter type="METHOD" missed="1" covered="0"/></method><method name="firstNonEmptyLine" desc="(Ljava/lang/String;)Ljava/util/Optional;" line="526"><counter type="INSTRUCTION" missed="6" covered="27"/><counter type="BRANCH" missed="3" covered="3"/><counter type="LINE" missed="1" covered="4"/><counter type="COMPLEXITY" missed="3" covered="1"/><counter type="METHOD" missed="0" covered="1"/></method><method name="stripHtml" desc="(Ljava/lang/String;)Ljava/lang/String;" line="535"><counter type="INSTRUCTION" missed="2" covered="17"/><counter type="BRANCH" missed="1" covered="1"/><counter type="LINE" missed="0" covered="2"/><counter type="COMPLEXITY" missed="1" covered="1"/><counter type="METHOD" missed="0" covered="1"/></method><method name="unescapeJsonString" desc="(Ljava/lang/String;)Ljava/lang/String;" line="540"><counter type="INSTRUCTION" missed="77" covered="55"/><counter type="BRANCH" missed="12" covered="8"/><counter type="LINE" missed="19" covered="13"/><counter type="COMPLEXITY" missed="11" covered="4"/><counter type="METHOD" missed="0" covered="1"/></method><method name="unescapeJsonStringDeep" desc="(Ljava/lang/String;)Ljava/lang/String;" line="582"><counter type="INSTRUCTION" missed="14" covered="12"/><counter type="BRANCH" missed="7" covered="1"/><counter type="LINE" missed="1" covered="3"/><counter type="COMPLEXITY" missed="4" covered="1"/><counter type="METHOD" missed="0" covered="1"/></method><method name="safeParseInt" desc="(Ljava/lang/String;I)I" line="592"><counter type="INSTRUCTION" missed="6" covered="0"/><counter type="LINE" missed="3" covered="0"/><counter type="COMPLEXITY" missed="1" covered="0"/><counter type="METHOD" missed="1" covered="0"/></method><method name="normalizeTitle" desc="(Ljava/lang/String;)Ljava/lang/String;" line="599"><counter type="INSTRUCTION" missed="2" covered="18"/><counter type="BRANCH" missed="1" covered="1"/><counter type="LINE" missed="0" covered="5"/><counter type="COMPLEXITY" missed="1" covered="1"/><counter type="METHOD" missed="0" covered="1"/></method><method name="truncate" desc="(Ljava/lang/String;I)Ljava/lang/String;" line="608"><counter type="INSTRUCTION" missed="8" covered="8"/><counter type="BRANCH" missed="2" covered="2"/><counter type="LINE" missed="1" covered="2"/><counter type="COMPLEXITY" missed="2" covered="1"/><counter type="METHOD" missed="0" covered="1"/></method><method name="&lt;clinit&gt;" desc="()V" line="22"><counter type="INSTRUCTION" missed="0" covered="26"/><counter type="LINE" missed="0" covered="9"/><counter type="COMPLEXITY" missed="0" covered="1"/><counter type="METHOD" missed="0" covered="1"/></method><counter type="INSTRUCTION" missed="1272" covered="478"/><counter type="BRANCH" missed="262" covered="48"/><counter type="LINE" missed="217" covered="127"/><counter type="COMPLEXITY" missed="169" covered="23"/><counter type="METHOD" missed="18" covered="15"/><counter type="CLASS" missed="0" covered="1"/></class><class name="com/teamventure/app/service/Jsons" sourcefilename="Jsons.java"><method name="&lt;init&gt;" desc="()V" line="11"><counter type="INSTRUCTION" missed="3" covered="0"/><counter type="LINE" missed="1" covered="0"/><counter type="COMPLEXITY" missed="1" covered="0"/><counter type="METHOD" missed="1" covered="0"/></method><method name="toJson" desc="(Ljava/lang/Object;)Ljava/lang/String;" line="16"><counter type="INSTRUCTION" missed="11" covered="0"/><counter type="LINE" missed="3" covered="0"/><counter type="COMPLEXITY" missed="1" covered="0"/><counter type="METHOD" missed="1" covered="0"/></method><method name="toMap" desc="(Ljava/lang/String;)Ljava/util/Map;" line="26"><counter type="INSTRUCTION" missed="18" covered="0"/><counter type="BRANCH" missed="4" covered="0"/><counter type="LINE" missed="5" covered="0"/><counter type="COMPLEXITY" missed="3" covered="0"/><counter type="METHOD" missed="1" covered="0"/></method><method name="toList" desc="(Ljava/lang/String;)Ljava/util/List;" line="40"><counter type="INSTRUCTION" missed="18" covered="0"/><counter type="BRANCH" missed="4" covered="0"/><counter type="LINE" missed="5" covered="0"/><counter type="COMPLEXITY" missed="3" covered="0"/><counter type="METHOD" missed="1" covered="0"/></method><method name="toStringList" desc="(Ljava/lang/String;)Ljava/util/List;" line="54"><counter type="INSTRUCTION" missed="18" covered="0"/><counter type="BRANCH" missed="4" covered="0"/><counter type="LINE" missed="5" covered="0"/><counter type="COMPLEXITY" missed="3" covered="0"/><counter type="METHOD" missed="1" covered="0"/></method><method name="&lt;clinit&gt;" desc="()V" line="12"><counter type="INSTRUCTION" missed="5" covered="0"/><counter type="LINE" missed="1" covered="0"/><counter type="COMPLEXITY" missed="1" covered="0"/><counter type="METHOD" missed="1" covered="0"/></method><counter type="INSTRUCTION" missed="73" covered="0"/><counter type="BRANCH" missed="12" covered="0"/><counter type="LINE" missed="20" covered="0"/><counter type="COMPLEXITY" missed="12" covered="0"/><counter type="METHOD" missed="6" covered="0"/><counter type="CLASS" missed="1" covered="0"/></class><class name="com/teamventure/app/service/PlanService$RouteSegment" sourcefilename="PlanService.java"><method name="&lt;init&gt;" desc="(Ljava/util/List;IILjava/lang/String;)V" line="1873"><counter type="INSTRUCTION" missed="15" covered="0"/><counter type="LINE" missed="6" covered="0"/><counter type="COMPLEXITY" missed="1" covered="0"/><counter type="METHOD" missed="1" covered="0"/></method><counter type="INSTRUCTION" missed="15" covered="0"/><counter type="LINE" missed="6" covered="0"/><counter type="COMPLEXITY" missed="1" covered="0"/><counter type="METHOD" missed="1" covered="0"/><counter type="CLASS" missed="1" covered="0"/></class><class name="com/teamventure/app/service/Jsons$1" sourcefilename="Jsons.java"><method name="&lt;init&gt;" desc="()V" line="30"><counter type="INSTRUCTION" missed="3" covered="0"/><counter type="LINE" missed="1" covered="0"/><counter type="COMPLEXITY" missed="1" covered="0"/><counter type="METHOD" missed="1" covered="0"/></method><counter type="INSTRUCTION" missed="3" covered="0"/><counter type="LINE" missed="1" covered="0"/><counter type="COMPLEXITY" missed="1" covered="0"/><counter type="METHOD" missed="1" covered="0"/><counter type="CLASS" missed="1" covered="0"/></class><class name="com/teamventure/app/service/Jsons$2" sourcefilename="Jsons.java"><method name="&lt;init&gt;" desc="()V" line="44"><counter type="INSTRUCTION" missed="3" covered="0"/><counter type="LINE" missed="1" covered="0"/><counter type="COMPLEXITY" missed="1" covered="0"/><counter type="METHOD" missed="1" covered="0"/></method><counter type="INSTRUCTION" missed="3" covered="0"/><counter type="LINE" missed="1" covered="0"/><counter type="COMPLEXITY" missed="1" covered="0"/><counter type="METHOD" missed="1" covered="0"/><counter type="CLASS" missed="1" covered="0"/></class><class name="com/teamventure/app/service/PlanService$MapData" sourcefilename="PlanService.java"><method name="toResponseMap" desc="()Ljava/util/Map;" line="1911"><counter type="INSTRUCTION" missed="103" covered="0"/><counter type="BRANCH" missed="10" covered="0"/><counter type="LINE" missed="14" covered="0"/><counter type="COMPLEXITY" missed="6" covered="0"/><counter type="METHOD" missed="1" covered="0"/></method><counter type="INSTRUCTION" missed="103" covered="0"/><counter type="BRANCH" missed="10" covered="0"/><counter type="LINE" missed="14" covered="0"/><counter type="COMPLEXITY" missed="6" covered="0"/><counter type="METHOD" missed="1" covered="0"/><counter type="CLASS" missed="1" covered="0"/></class><class name="com/teamventure/app/service/Jsons$3" sourcefilename="Jsons.java"><method name="&lt;init&gt;" desc="()V" line="58"><counter type="INSTRUCTION" missed="3" covered="0"/><counter type="LINE" missed="1" covered="0"/><counter type="COMPLEXITY" missed="1" covered="0"/><counter type="METHOD" missed="1" covered="0"/></method><counter type="INSTRUCTION" missed="3" covered="0"/><counter type="LINE" missed="1" covered="0"/><counter type="COMPLEXITY" missed="1" covered="0"/><counter type="METHOD" missed="1" covered="0"/><counter type="CLASS" missed="1" covered="0"/></class><class name="com/teamventure/app/service/PlanService$DayRouteType" sourcefilename="PlanService.java"><method name="&lt;clinit&gt;" desc="()V" line="1884"><counter type="INSTRUCTION" missed="21" covered="0"/><counter type="LINE" missed="4" covered="0"/><counter type="COMPLEXITY" missed="1" covered="0"/><counter type="METHOD" missed="1" covered="0"/></method><counter type="INSTRUCTION" missed="21" covered="0"/><counter type="LINE" missed="4" covered="0"/><counter type="COMPLEXITY" missed="1" covered="0"/><counter type="METHOD" missed="1" covered="0"/><counter type="CLASS" missed="1" covered="0"/></class><class name="com/teamventure/app/service/PlanService$2" sourcefilename="PlanService.java"><method name="&lt;init&gt;" desc="(IFZ)V" line="67"><counter type="INSTRUCTION" missed="6" covered="0"/><counter type="LINE" missed="1" covered="0"/><counter type="COMPLEXITY" missed="1" covered="0"/><counter type="METHOD" missed="1" covered="0"/></method><method name="removeEldestEntry" desc="(Ljava/util/Map$Entry;)Z" line="70"><counter type="INSTRUCTION" missed="8" covered="0"/><counter type="BRANCH" missed="2" covered="0"/><counter type="LINE" missed="1" covered="0"/><counter type="COMPLEXITY" missed="2" covered="0"/><counter type="METHOD" missed="1" covered="0"/></method><counter type="INSTRUCTION" missed="14" covered="0"/><counter type="BRANCH" missed="2" covered="0"/><counter type="LINE" missed="2" covered="0"/><counter type="COMPLEXITY" missed="3" covered="0"/><counter type="METHOD" missed="2" covered="0"/><counter type="CLASS" missed="1" covered="0"/></class><class name="com/teamventure/app/service/PlanService$1" sourcefilename="PlanService.java"><method name="&lt;init&gt;" desc="(IFZ)V" line="56"><counter type="INSTRUCTION" missed="6" covered="0"/><counter type="LINE" missed="1" covered="0"/><counter type="COMPLEXITY" missed="1" covered="0"/><counter type="METHOD" missed="1" covered="0"/></method><method name="removeEldestEntry" desc="(Ljava/util/Map$Entry;)Z" line="59"><counter type="INSTRUCTION" missed="8" covered="0"/><counter type="BRANCH" missed="2" covered="0"/><counter type="LINE" missed="1" covered="0"/><counter type="COMPLEXITY" missed="2" covered="0"/><counter type="METHOD" missed="1" covered="0"/></method><counter type="INSTRUCTION" missed="14" covered="0"/><counter type="BRANCH" missed="2" covered="0"/><counter type="LINE" missed="2" covered="0"/><counter type="COMPLEXITY" missed="3" covered="0"/><counter type="METHOD" missed="2" covered="0"/><counter type="CLASS" missed="1" covered="0"/></class><class name="com/teamventure/app/service/SupplierService" sourcefilename="SupplierService.java"><method name="&lt;init&gt;" desc="(Lcom/teamventure/infrastructure/persistence/mapper/SupplierMapper;)V" line="14"><counter type="INSTRUCTION" missed="6" covered="0"/><counter type="LINE" missed="3" covered="0"/><counter type="COMPLEXITY" missed="1" covered="0"/><counter type="METHOD" missed="1" covered="0"/></method><method name="search" desc="(Ljava/lang/String;Ljava/lang/String;)Ljava/util/List;" line="19"><counter type="INSTRUCTION" missed="37" covered="0"/><counter type="BRANCH" missed="8" covered="0"/><counter type="LINE" missed="7" covered="0"/><counter type="COMPLEXITY" missed="5" covered="0"/><counter type="METHOD" missed="1" covered="0"/></method><method name="getById" desc="(Ljava/lang/String;)Lcom/teamventure/infrastructure/persistence/po/SupplierPO;" line="31"><counter type="INSTRUCTION" missed="16" covered="0"/><counter type="BRANCH" missed="2" covered="0"/><counter type="LINE" missed="4" covered="0"/><counter type="COMPLEXITY" missed="2" covered="0"/><counter type="METHOD" missed="1" covered="0"/></method><counter type="INSTRUCTION" missed="59" covered="0"/><counter type="BRANCH" missed="10" covered="0"/><counter type="LINE" missed="14" covered="0"/><counter type="COMPLEXITY" missed="8" covered="0"/><counter type="METHOD" missed="3" covered="0"/><counter type="CLASS" missed="1" covered="0"/></class><class name="com/teamventure/app/service/PlanService" sourcefilename="PlanService.java"><method name="&lt;init&gt;" desc="(Lcom/teamventure/infrastructure/persistence/mapper/PlanRequestMapper;Lcom/teamventure/infrastructure/persistence/mapper/PlanMapper;Lcom/teamventure/infrastructure/persistence/mapper/SupplierContactLogMapper;Lcom/teamventure/infrastructure/persistence/mapper/DomainEventMapper;Lorg/springframework/amqp/rabbit/core/RabbitTemplate;Ljava/lang/String;Ljava/lang/String;Ljava/lang/String;Lcom/teamventure/infrastructure/map/ZoomCalculator;Lcom/teamventure/infrastructure/cache/StaticMapUrlCache;Lcom/teamventure/infrastructure/map/MarkerStyleConfig;Lcom/teamventure/infrastructure/map/PathStyleConfig;Lcom/teamventure/infrastructure/map/MapDegradationHandler;)V" line="96"><counter type="INSTRUCTION" missed="53" covered="0"/><counter type="BRANCH" missed="2" covered="0"/><counter type="LINE" missed="18" covered="0"/><counter type="COMPLEXITY" missed="2" covered="0"/><counter type="METHOD" missed="1" covered="0"/></method><method name="createPlanRequestAndPublish" desc="(Ljava/lang/String;Lcom/teamventure/adapter/web/plans/PlanController$GenerateRequest;)Lcom/teamventure/adapter/web/plans/PlanController$GenerateResponse;" line="118"><counter type="INSTRUCTION" missed="87" covered="0"/><counter type="LINE" missed="17" covered="0"/><counter type="COMPLEXITY" missed="1" covered="0"/><counter type="METHOD" missed="1" covered="0"/></method><method name="listPlans" desc="(Ljava/lang/String;IILjava/lang/String;)Ljava/util/Map;" line="153"><counter type="INSTRUCTION" missed="568" covered="0"/><counter type="BRANCH" missed="48" covered="0"/><counter type="LINE" missed="108" covered="0"/><counter type="COMPLEXITY" missed="25" covered="0"/><counter type="METHOD" missed="1" covered="0"/></method><method name="getPlanDetail" desc="(Ljava/lang/String;Ljava/lang/String;)Ljava/lang/Object;" line="302"><counter type="INSTRUCTION" missed="176" covered="0"/><counter type="BRANCH" missed="14" covered="0"/><counter type="LINE" missed="33" covered="0"/><counter type="COMPLEXITY" missed="8" covered="0"/><counter type="METHOD" missed="1" covered="0"/></method><method name="confirmPlan" desc="(Ljava/lang/String;Ljava/lang/String;)V" line="356"><counter type="INSTRUCTION" missed="81" covered="0"/><counter type="BRANCH" missed="10" covered="0"/><counter type="LINE" missed="17" covered="0"/><counter type="COMPLEXITY" missed="6" covered="0"/><counter type="METHOD" missed="1" covered="0"/></method><method name="logSupplierContact" desc="(Ljava/lang/String;Ljava/lang/String;Lcom/teamventure/adapter/web/plans/PlanController$SupplierContactRequest;)V" line="381"><counter type="INSTRUCTION" missed="48" covered="0"/><counter type="LINE" missed="12" covered="0"/><counter type="COMPLEXITY" missed="1" covered="0"/><counter type="METHOD" missed="1" covered="0"/></method><method name="deletePlan" desc="(Ljava/lang/String;Ljava/lang/String;)V" line="404"><counter type="INSTRUCTION" missed="88" covered="0"/><counter type="BRANCH" missed="12" covered="0"/><counter type="LINE" missed="21" covered="0"/><counter type="COMPLEXITY" missed="7" covered="0"/><counter type="METHOD" missed="1" covered="0"/></method><method name="archivePlan" desc="(Ljava/lang/String;Ljava/lang/String;)V" line="441"><counter type="INSTRUCTION" missed="70" covered="0"/><counter type="BRANCH" missed="10" covered="0"/><counter type="LINE" missed="16" covered="0"/><counter type="COMPLEXITY" missed="6" covered="0"/><counter type="METHOD" missed="1" covered="0"/></method><method name="submitReview" desc="(Ljava/lang/String;Ljava/lang/String;)V" line="468"><counter type="INSTRUCTION" missed="66" covered="0"/><counter type="BRANCH" missed="8" covered="0"/><counter type="LINE" missed="14" covered="0"/><counter type="COMPLEXITY" missed="5" covered="0"/><counter type="METHOD" missed="1" covered="0"/></method><method name="revertReview" desc="(Ljava/lang/String;Ljava/lang/String;)V" line="492"><counter type="INSTRUCTION" missed="78" covered="0"/><counter type="BRANCH" missed="8" covered="0"/><counter type="LINE" missed="16" covered="0"/><counter type="COMPLEXITY" missed="5" covered="0"/><counter type="METHOD" missed="1" covered="0"/></method><method name="getPlanRoute" desc="(Ljava/lang/String;Ljava/lang/String;Ljava/lang/Integer;)Ljava/util/Map;" line="515"><counter type="INSTRUCTION" missed="805" covered="0"/><counter type="BRANCH" missed="86" covered="0"/><counter type="LINE" missed="185" covered="0"/><counter type="COMPLEXITY" missed="44" covered="0"/><counter type="METHOD" missed="1" covered="0"/></method><method name="convertPlanToDetailMap" desc="(Lcom/teamventure/infrastructure/persistence/po/PlanPO;)Ljava/util/Map;" line="826"><counter type="INSTRUCTION" missed="179" covered="0"/><counter type="BRANCH" missed="8" covered="0"/><counter type="LINE" missed="27" covered="0"/><counter type="COMPLEXITY" missed="5" covered="0"/><counter type="METHOD" missed="1" covered="0"/></method><method name="castMap" desc="(Ljava/util/Map;)Ljava/util/Map;" line="859"><counter type="INSTRUCTION" missed="30" covered="0"/><counter type="BRANCH" missed="4" covered="0"/><counter type="LINE" missed="6" covered="0"/><counter type="COMPLEXITY" missed="3" covered="0"/><counter type="METHOD" missed="1" covered="0"/></method><method name="asString" desc="(Ljava/lang/Object;)Ljava/util/Optional;" line="868"><counter type="INSTRUCTION" missed="17" covered="0"/><counter type="BRANCH" missed="4" covered="0"/><counter type="LINE" missed="3" covered="0"/><counter type="COMPLEXITY" missed="3" covered="0"/><counter type="METHOD" missed="1" covered="0"/></method><method name="asInt" desc="(Ljava/lang/Object;)Ljava/util/Optional;" line="874"><counter type="INSTRUCTION" missed="33" covered="0"/><counter type="BRANCH" missed="6" covered="0"/><counter type="LINE" missed="6" covered="0"/><counter type="COMPLEXITY" missed="4" covered="0"/><counter type="METHOD" missed="1" covered="0"/></method><method name="buildAmapStaticMapUrl" desc="(Lcom/teamventure/domain/valueobject/MapRequest;)Ljava/lang/String;" line="891"><counter type="INSTRUCTION" missed="35" covered="0"/><counter type="LINE" missed="9" covered="0"/><counter type="COMPLEXITY" missed="1" covered="0"/><counter type="METHOD" missed="1" covered="0"/></method><method name="resolveLngLat" desc="(Ljava/lang/String;Ljava/lang/String;)Ljava/util/Optional;" line="904"><counter type="INSTRUCTION" missed="165" covered="0"/><counter type="BRANCH" missed="20" covered="0"/><counter type="LINE" missed="35" covered="0"/><counter type="COMPLEXITY" missed="11" covered="0"/><counter type="METHOD" missed="1" covered="0"/></method><method name="enc" desc="(Ljava/lang/String;)Ljava/lang/String;" line="950"><counter type="INSTRUCTION" missed="8" covered="0"/><counter type="BRANCH" missed="2" covered="0"/><counter type="LINE" missed="1" covered="0"/><counter type="COMPLEXITY" missed="2" covered="0"/><counter type="METHOD" missed="1" covered="0"/></method><method name="updateItineraryWithCas" desc="(Ljava/lang/String;Ljava/lang/String;ILjava/util/Map;)Ljava/util/Map;" line="954"><counter type="INSTRUCTION" missed="152" covered="0"/><counter type="BRANCH" missed="18" covered="0"/><counter type="LINE" missed="31" covered="0"/><counter type="COMPLEXITY" missed="10" covered="0"/><counter type="METHOD" missed="1" covered="0"/></method><method name="recordEvent" desc="(Ljava/lang/String;Ljava/lang/String;Ljava/lang/String;Ljava/lang/String;Ljava/util/Map;)V" line="1002"><counter type="INSTRUCTION" missed="37" covered="0"/><counter type="LINE" missed="11" covered="0"/><counter type="COMPLEXITY" missed="1" covered="0"/><counter type="METHOD" missed="1" covered="0"/></method><method name="resolveRouteSegment" desc="([D[DLjava/lang/String;)Ljava/util/Optional;" line="1029"><counter type="INSTRUCTION" missed="285" covered="0"/><counter type="BRANCH" missed="34" covered="0"/><counter type="LINE" missed="60" covered="0"/><counter type="COMPLEXITY" missed="18" covered="0"/><counter type="METHOD" missed="1" covered="0"/></method><method name="parsePolyline" desc="(Ljava/lang/String;)Ljava/util/List;" line="1134"><counter type="INSTRUCTION" missed="70" covered="0"/><counter type="BRANCH" missed="10" covered="0"/><counter type="LINE" missed="15" covered="0"/><counter type="COMPLEXITY" missed="6" covered="0"/><counter type="METHOD" missed="1" covered="0"/></method><method name="calculateDistance" desc="([D[D)D" line="1169"><counter type="INSTRUCTION" missed="70" covered="0"/><counter type="LINE" missed="10" covered="0"/><counter type="COMPLEXITY" missed="1" covered="0"/><counter type="METHOD" missed="1" covered="0"/></method><method name="selectTransportMode" desc="(D)Ljava/lang/String;" line="1192"><counter type="INSTRUCTION" missed="10" covered="0"/><counter type="BRANCH" missed="2" covered="0"/><counter type="LINE" missed="2" covered="0"/><counter type="COMPLEXITY" missed="2" covered="0"/><counter type="METHOD" missed="1" covered="0"/></method><method name="getCityCoordinate" desc="(Ljava/lang/String;)Ljava/util/Optional;" line="1206"><counter type="INSTRUCTION" missed="162" covered="0"/><counter type="BRANCH" missed="22" covered="0"/><counter type="LINE" missed="40" covered="0"/><counter type="COMPLEXITY" missed="12" covered="0"/><counter type="METHOD" missed="1" covered="0"/></method><method name="isReturnDay" desc="(Ljava/util/Map;)Z" line="1283"><counter type="INSTRUCTION" missed="61" covered="0"/><counter type="BRANCH" missed="14" covered="0"/><counter type="LINE" missed="10" covered="0"/><counter type="COMPLEXITY" missed="8" covered="0"/><counter type="METHOD" missed="1" covered="0"/></method><method name="analyzeDayRouteType" desc="(Ljava/util/Map;Lcom/teamventure/infrastructure/persistence/po/PlanPO;)Lcom/teamventure/app/service/PlanService$DayRouteType;" line="1312"><counter type="INSTRUCTION" missed="206" covered="0"/><counter type="BRANCH" missed="60" covered="0"/><counter type="LINE" missed="43" covered="0"/><counter type="COMPLEXITY" missed="31" covered="0"/><counter type="METHOD" missed="1" covered="0"/></method><method name="inferLongDistanceTransportMode" desc="(D)Ljava/lang/String;" line="1403"><counter type="INSTRUCTION" missed="14" covered="0"/><counter type="BRANCH" missed="4" covered="0"/><counter type="LINE" missed="5" covered="0"/><counter type="COMPLEXITY" missed="3" covered="0"/><counter type="METHOD" missed="1" covered="0"/></method><method name="calculateIntercityZoom" desc="(D)I" line="1421"><counter type="INSTRUCTION" missed="26" covered="0"/><counter type="BRANCH" missed="8" covered="0"/><counter type="LINE" missed="9" covered="0"/><counter type="COMPLEXITY" missed="5" covered="0"/><counter type="METHOD" missed="1" covered="0"/></method><method name="estimateDuration" desc="(DLjava/lang/String;)I" line="1444"><counter type="INSTRUCTION" missed="25" covered="0"/><counter type="BRANCH" missed="5" covered="0"/><counter type="LINE" missed="7" covered="0"/><counter type="COMPLEXITY" missed="5" covered="0"/><counter type="METHOD" missed="1" covered="0"/></method><method name="generateIntercityMap" desc="(Lcom/teamventure/infrastructure/persistence/po/PlanPO;Z)Lcom/teamventure/app/service/PlanService$MapData;" line="1465"><counter type="INSTRUCTION" missed="353" covered="0"/><counter type="BRANCH" missed="18" covered="0"/><counter type="LINE" missed="75" covered="0"/><counter type="COMPLEXITY" missed="10" covered="0"/><counter type="METHOD" missed="1" covered="0"/></method><method name="generateRegionalMap" desc="(Lcom/teamventure/infrastructure/persistence/po/PlanPO;Ljava/lang/String;Ljava/util/Map;)Lcom/teamventure/app/service/PlanService$MapData;" line="1608"><counter type="INSTRUCTION" missed="526" covered="0"/><counter type="BRANCH" missed="46" covered="0"/><counter type="LINE" missed="112" covered="0"/><counter type="COMPLEXITY" missed="24" covered="0"/><counter type="METHOD" missed="1" covered="0"/></method><method name="mergeMapsToLegacyFormat" desc="(Ljava/util/List;)Ljava/util/Map;" line="1796"><counter type="INSTRUCTION" missed="116" covered="0"/><counter type="BRANCH" missed="18" covered="0"/><counter type="LINE" missed="25" covered="0"/><counter type="COMPLEXITY" missed="10" covered="0"/><counter type="METHOD" missed="1" covered="0"/></method><method name="buildRouteCacheKey" desc="([D[DLjava/lang/String;)Ljava/lang/String;" line="1850"><counter type="INSTRUCTION" missed="37" covered="0"/><counter type="LINE" missed="3" covered="0"/><counter type="COMPLEXITY" missed="1" covered="0"/><counter type="METHOD" missed="1" covered="0"/></method><method name="lambda$mergeMapsToLegacyFormat$15" desc="(Lcom/teamventure/app/service/PlanService$MapData;)Ljava/lang/String;" line="1828"><counter type="INSTRUCTION" missed="3" covered="0"/><counter type="LINE" missed="1" covered="0"/><counter type="COMPLEXITY" missed="1" covered="0"/><counter type="METHOD" missed="1" covered="0"/></method><method name="lambda$mergeMapsToLegacyFormat$14" desc="(Lcom/teamventure/app/service/PlanService$MapData;)Z" line="1826"><counter type="INSTRUCTION" missed="12" covered="0"/><counter type="BRANCH" missed="4" covered="0"/><counter type="LINE" missed="1" covered="0"/><counter type="COMPLEXITY" missed="3" covered="0"/><counter type="METHOD" missed="1" covered="0"/></method><method name="lambda$mergeMapsToLegacyFormat$13" desc="(Lcom/teamventure/app/service/PlanService$MapData;)Z" line="1822"><counter type="INSTRUCTION" missed="5" covered="0"/><counter type="LINE" missed="1" covered="0"/><counter type="COMPLEXITY" missed="1" covered="0"/><counter type="METHOD" missed="1" covered="0"/></method><method name="lambda$generateRegionalMap$12" desc="(Ljava/util/Map;)Ljava/lang/String;" line="1769"><counter type="INSTRUCTION" missed="5" covered="0"/><counter type="LINE" missed="1" covered="0"/><counter type="COMPLEXITY" missed="1" covered="0"/><counter type="METHOD" missed="1" covered="0"/></method><method name="lambda$generateRegionalMap$11" desc="([D)D" line="1757"><counter type="INSTRUCTION" missed="4" covered="0"/><counter type="LINE" missed="1" covered="0"/><counter type="COMPLEXITY" missed="1" covered="0"/><counter type="METHOD" missed="1" covered="0"/></method><method name="lambda$generateRegionalMap$10" desc="([D)D" line="1756"><counter type="INSTRUCTION" missed="4" covered="0"/><counter type="LINE" missed="1" covered="0"/><counter type="COMPLEXITY" missed="1" covered="0"/><counter type="METHOD" missed="1" covered="0"/></method><method name="lambda$generateRegionalMap$9" desc="([D)Lcom/teamventure/domain/valueobject/MapRequest$Point;" line="1750"><counter type="INSTRUCTION" missed="8" covered="0"/><counter type="LINE" missed="1" covered="0"/><counter type="COMPLEXITY" missed="1" covered="0"/><counter type="METHOD" missed="1" covered="0"/></method><method name="lambda$generateIntercityMap$8" desc="(Lcom/teamventure/domain/valueobject/MapRequest;)Ljava/lang/String;" line="1557"><counter type="INSTRUCTION" missed="8" covered="0"/><counter type="LINE" missed="1" covered="0"/><counter type="COMPLEXITY" missed="1" covered="0"/><counter type="METHOD" missed="1" covered="0"/></method><method name="lambda$generateIntercityMap$7" desc="(Lcom/teamventure/domain/valueobject/MapRequest;)Ljava/lang/String;" line="1559"><counter type="INSTRUCTION" missed="4" covered="0"/><counter type="LINE" missed="1" covered="0"/><counter type="COMPLEXITY" missed="1" covered="0"/><counter type="METHOD" missed="1" covered="0"/></method><method name="lambda$getPlanRoute$6" desc="(Lcom/teamventure/domain/valueobject/MapRequest;)Ljava/lang/String;" line="795"><counter type="INSTRUCTION" missed="8" covered="0"/><counter type="LINE" missed="1" covered="0"/><counter type="COMPLEXITY" missed="1" covered="0"/><counter type="METHOD" missed="1" covered="0"/></method><method name="lambda$getPlanRoute$5" desc="(Lcom/teamventure/domain/valueobject/MapRequest;)Ljava/lang/String;" line="797"><counter type="INSTRUCTION" missed="4" covered="0"/><counter type="LINE" missed="1" covered="0"/><counter type="COMPLEXITY" missed="1" covered="0"/><counter type="METHOD" missed="1" covered="0"/></method><method name="lambda$getPlanRoute$4" desc="(Ljava/util/Map;)D" line="743"><counter type="INSTRUCTION" missed="6" covered="0"/><counter type="LINE" missed="1" covered="0"/><counter type="COMPLEXITY" missed="1" covered="0"/><counter type="METHOD" missed="1" covered="0"/></method><method name="lambda$getPlanRoute$3" desc="(Ljava/util/Map;)D" line="742"><counter type="INSTRUCTION" missed="6" covered="0"/><counter type="LINE" missed="1" covered="0"/><counter type="COMPLEXITY" missed="1" covered="0"/><counter type="METHOD" missed="1" covered="0"/></method><method name="lambda$getPlanRoute$2" desc="(Ljava/util/Map;)D" line="741"><counter type="INSTRUCTION" missed="6" covered="0"/><counter type="LINE" missed="1" covered="0"/><counter type="COMPLEXITY" missed="1" covered="0"/><counter type="METHOD" missed="1" covered="0"/></method><method name="lambda$getPlanRoute$1" desc="(Ljava/util/Map;)D" line="740"><counter type="INSTRUCTION" missed="6" covered="0"/><counter type="LINE" missed="1" covered="0"/><counter type="COMPLEXITY" missed="1" covered="0"/><counter type="METHOD" missed="1" covered="0"/></method><method name="lambda$listPlans$0" desc="(Ljava/lang/String;)Z" line="244"><counter type="INSTRUCTION" missed="6" covered="0"/><counter type="BRANCH" missed="2" covered="0"/><counter type="LINE" missed="1" covered="0"/><counter type="COMPLEXITY" missed="2" covered="0"/><counter type="METHOD" missed="1" covered="0"/></method><method name="&lt;clinit&gt;" desc="()V" line="56"><counter type="INSTRUCTION" missed="19" covered="0"/><counter type="LINE" missed="3" covered="0"/><counter type="COMPLEXITY" missed="1" covered="0"/><counter type="METHOD" missed="1" covered="0"/></method><counter type="INSTRUCTION" missed="4851" covered="0"/><counter type="BRANCH" missed="507" covered="0"/><counter type="LINE" missed="1009" covered="0"/><counter type="COMPLEXITY" missed="306" covered="0"/><counter type="METHOD" missed="51" covered="0"/><counter type="CLASS" missed="1" covered="0"/></class><class name="com/teamventure/app/service/XiaohongshuImportService$ItinerarySignals" sourcefilename="XiaohongshuImportService.java"><method name="&lt;init&gt;" desc="(ZLjava/lang/String;Ljava/lang/Integer;)V" line="618"><counter type="INSTRUCTION" missed="16" covered="0"/><counter type="BRANCH" missed="2" covered="0"/><counter type="LINE" missed="5" covered="0"/><counter type="COMPLEXITY" missed="2" covered="0"/><counter type="METHOD" missed="1" covered="0"/></method><counter type="INSTRUCTION" missed="16" covered="0"/><counter type="BRANCH" missed="2" covered="0"/><counter type="LINE" missed="5" covered="0"/><counter type="COMPLEXITY" missed="2" covered="0"/><counter type="METHOD" missed="1" covered="0"/><counter type="CLASS" missed="1" covered="0"/></class><class name="com/teamventure/app/service/OssService$Category" sourcefilename="OssService.java"><method name="&lt;clinit&gt;" desc="()V" line="23"><counter type="INSTRUCTION" missed="15" covered="0"/><counter type="LINE" missed="3" covered="0"/><counter type="COMPLEXITY" missed="1" covered="0"/><counter type="METHOD" missed="1" covered="0"/></method><counter type="INSTRUCTION" missed="15" covered="0"/><counter type="LINE" missed="3" covered="0"/><counter type="COMPLEXITY" missed="1" covered="0"/><counter type="METHOD" missed="1" covered="0"/><counter type="CLASS" missed="1" covered="0"/></class><class name="com/teamventure/app/service/OssService" sourcefilename="OssService.java"><method name="&lt;init&gt;" desc="(Ljava/lang/String;Ljava/lang/String;Ljava/lang/String;Ljava/lang/String;Ljava/lang/String;Ljava/lang/String;ILjava/lang/String;I)V" line="56"><counter type="INSTRUCTION" missed="11" covered="51"/><counter type="BRANCH" missed="4" covered="4"/><counter type="LINE" missed="0" covered="10"/><counter type="COMPLEXITY" missed="4" covered="1"/><counter type="METHOD" missed="0" covered="1"/></method><method name="uploadImage" desc="(Ljava/lang/String;Lcom/teamventure/app/service/OssService$Category;Lorg/springframework/web/multipart/MultipartFile;Ljava/lang/String;)Lcom/teamventure/app/service/OssService$UploadResult;" line="68"><counter type="INSTRUCTION" missed="125" covered="0"/><counter type="BRANCH" missed="18" covered="0"/><counter type="LINE" missed="25" covered="0"/><counter type="COMPLEXITY" missed="10" covered="0"/><counter type="METHOD" missed="1" covered="0"/></method><method name="presignGet" desc="(Ljava/lang/String;Ljava/lang/String;)Ljava/lang/String;" line="104"><counter type="INSTRUCTION" missed="43" covered="0"/><counter type="LINE" missed="10" covered="0"/><counter type="COMPLEXITY" missed="1" covered="0"/><counter type="METHOD" missed="1" covered="0"/></method><method name="resolveAvatarUrl" desc="(Ljava/lang/String;Ljava/lang/String;)Ljava/lang/String;" line="119"><counter type="INSTRUCTION" missed="57" covered="0"/><counter type="BRANCH" missed="14" covered="0"/><counter type="LINE" missed="12" covered="0"/><counter type="COMPLEXITY" missed="8" covered="0"/><counter type="METHOD" missed="1" covered="0"/></method><method name="toAvatarStorageValue" desc="(Ljava/lang/String;Ljava/lang/String;)Ljava/lang/String;" line="137"><counter type="INSTRUCTION" missed="18" covered="0"/><counter type="BRANCH" missed="2" covered="0"/><counter type="LINE" missed="4" covered="0"/><counter type="COMPLEXITY" missed="2" covered="0"/><counter type="METHOD" missed="1" covered="0"/></method><method name="bucketFor" desc="(Lcom/teamventure/app/service/OssService$Category;)Ljava/lang/String;" line="145"><counter type="INSTRUCTION" missed="9" covered="0"/><counter type="BRANCH" missed="2" covered="0"/><counter type="LINE" missed="3" covered="0"/><counter type="COMPLEXITY" missed="2" covered="0"/><counter type="METHOD" missed="1" covered="0"/></method><method name="objectKeyFor" desc="(Ljava/lang/String;Lcom/teamventure/app/service/OssService$Category;Ljava/lang/String;Ljava/lang/String;Ljava/lang/String;)Ljava/lang/String;" line="152"><counter type="INSTRUCTION" missed="34" covered="0"/><counter type="BRANCH" missed="10" covered="0"/><counter type="LINE" missed="5" covered="0"/><counter type="COMPLEXITY" missed="6" covered="0"/><counter type="METHOD" missed="1" covered="0"/></method><method name="sanitizePath" desc="(Ljava/lang/String;)Ljava/lang/String;" line="163"><counter type="INSTRUCTION" missed="25" covered="0"/><counter type="BRANCH" missed="2" covered="0"/><counter type="LINE" missed="4" covered="0"/><counter type="COMPLEXITY" missed="2" covered="0"/><counter type="METHOD" missed="1" covered="0"/></method><method name="publicUrl" desc="(Ljava/lang/String;Ljava/lang/String;)Ljava/lang/String;" line="170"><counter type="INSTRUCTION" missed="6" covered="0"/><counter type="LINE" missed="1" covered="0"/><counter type="COMPLEXITY" missed="1" covered="0"/><counter type="METHOD" missed="1" covered="0"/></method><method name="guessExt" desc="(Ljava/lang/String;Ljava/lang/String;)Ljava/lang/String;" line="174"><counter type="INSTRUCTION" missed="51" covered="0"/><counter type="BRANCH" missed="15" covered="0"/><counter type="LINE" missed="13" covered="0"/><counter type="COMPLEXITY" missed="10" covered="0"/><counter type="METHOD" missed="1" covered="0"/></method><method name="&lt;clinit&gt;" desc="()V" line="21"><counter type="INSTRUCTION" missed="0" covered="4"/><counter type="LINE" missed="0" covered="1"/><counter type="COMPLEXITY" missed="0" covered="1"/><counter type="METHOD" missed="0" covered="1"/></method><counter type="INSTRUCTION" missed="379" covered="55"/><counter type="BRANCH" missed="67" covered="4"/><counter type="LINE" missed="77" covered="11"/><counter type="COMPLEXITY" missed="46" covered="2"/><counter type="METHOD" missed="9" covered="2"/><counter type="CLASS" missed="0" covered="1"/></class><class name="com/teamventure/app/service/XiaohongshuImportService$HtmlFetcher" sourcefilename="XiaohongshuImportService.java"/><class name="com/teamventure/app/service/OssService$UploadResult" sourcefilename="OssService.java"><method name="&lt;init&gt;" desc="(Lcom/teamventure/app/service/OssService$Category;Ljava/lang/String;Ljava/lang/String;Ljava/lang/String;Z)V" line="28"><counter type="INSTRUCTION" missed="18" covered="0"/><counter type="LINE" missed="1" covered="0"/><counter type="COMPLEXITY" missed="1" covered="0"/><counter type="METHOD" missed="1" covered="0"/></method><counter type="INSTRUCTION" missed="18" covered="0"/><counter type="LINE" missed="1" covered="0"/><counter type="COMPLEXITY" missed="1" covered="0"/><counter type="METHOD" missed="1" covered="0"/><counter type="CLASS" missed="1" covered="0"/></class><class name="com/teamventure/app/service/AuthService" sourcefilename="AuthService.java"><method name="&lt;init&gt;" desc="(Lcom/teamventure/infrastructure/persistence/mapper/UserMapper;Lorg/springframework/data/redis/core/StringRedisTemplate;Ljava/lang/String;Lcom/teamventure/app/service/OssService;)V" line="37"><counter type="INSTRUCTION" missed="0" covered="18"/><counter type="LINE" missed="0" covered="6"/><counter type="COMPLEXITY" missed="0" covered="1"/><counter type="METHOD" missed="0" covered="1"/></method><method name="loginWithWeChat" desc="(Ljava/lang/String;Ljava/lang/String;Ljava/lang/String;)Lcom/teamventure/adapter/web/auth/AuthController$LoginResponse;" line="45"><counter type="INSTRUCTION" missed="171" covered="0"/><counter type="BRANCH" missed="22" covered="0"/><counter type="LINE" missed="37" covered="0"/><counter type="COMPLEXITY" missed="12" covered="0"/><counter type="METHOD" missed="1" covered="0"/></method><method name="hasText" desc="(Ljava/lang/String;)Z" line="108"><counter type="INSTRUCTION" missed="10" covered="0"/><counter type="BRANCH" missed="4" covered="0"/><counter type="LINE" missed="1" covered="0"/><counter type="COMPLEXITY" missed="3" covered="0"/><counter type="METHOD" missed="1" covered="0"/></method><method name="isExampleDotComAvatar" desc="(Ljava/lang/String;)Z" line="112"><counter type="INSTRUCTION" missed="21" covered="0"/><counter type="BRANCH" missed="6" covered="0"/><counter type="LINE" missed="3" covered="0"/><counter type="COMPLEXITY" missed="4" covered="0"/><counter type="METHOD" missed="1" covered="0"/></method><method name="getUserIdFromAuthorization" desc="(Ljava/lang/String;)Ljava/lang/String;" line="118"><counter type="INSTRUCTION" missed="51" covered="0"/><counter type="BRANCH" missed="6" covered="0"/><counter type="LINE" missed="14" covered="0"/><counter type="COMPLEXITY" missed="4" covered="0"/><counter type="METHOD" missed="1" covered="0"/></method><method name="refreshTokenIfNeeded" desc="(Ljava/lang/String;)Lcom/teamventure/adapter/web/auth/AuthController$LoginResponse;" line="145"><counter type="INSTRUCTION" missed="130" covered="0"/><counter type="BRANCH" missed="8" covered="0"/><counter type="LINE" missed="31" covered="0"/><counter type="COMPLEXITY" missed="5" covered="0"/><counter type="METHOD" missed="1" covered="0"/></method><method name="pseudoOpenId" desc="(Ljava/lang/String;)Ljava/lang/String;" line="207"><counter type="INSTRUCTION" missed="2" covered="0"/><counter type="LINE" missed="1" covered="0"/><counter type="COMPLEXITY" missed="1" covered="0"/><counter type="METHOD" missed="1" covered="0"/></method><method name="&lt;clinit&gt;" desc="()V" line="23"><counter type="INSTRUCTION" missed="0" covered="4"/><counter type="LINE" missed="0" covered="1"/><counter type="COMPLEXITY" missed="0" covered="1"/><counter type="METHOD" missed="0" covered="1"/></method><counter type="INSTRUCTION" missed="385" covered="22"/><counter type="BRANCH" missed="46" covered="0"/><counter type="LINE" missed="87" covered="7"/><counter type="COMPLEXITY" missed="29" covered="2"/><counter type="METHOD" missed="6" covered="2"/><counter type="CLASS" missed="0" covered="1"/></class><class name="com/teamventure/app/service/InternalPlanCallbackService" sourcefilename="InternalPlanCallbackService.java"><method name="&lt;init&gt;" desc="(Lcom/teamventure/infrastructure/persistence/mapper/PlanRequestMapper;Lcom/teamventure/infrastructure/persistence/mapper/PlanMapper;Lcom/teamventure/infrastructure/persistence/mapper/DomainEventMapper;)V" line="24"><counter type="INSTRUCTION" missed="0" covered="12"/><counter type="LINE" missed="0" covered="5"/><counter type="COMPLEXITY" missed="0" covered="1"/><counter type="METHOD" missed="0" covered="1"/></method><method name="handleGeneratedPlans" desc="(Lcom/teamventure/adapter/web/internal/InternalPlanController$BatchPlanRequest;)V" line="32"><counter type="INSTRUCTION" missed="86" covered="0"/><counter type="BRANCH" missed="6" covered="0"/><counter type="LINE" missed="16" covered="0"/><counter type="COMPLEXITY" missed="4" covered="0"/><counter type="METHOD" missed="1" covered="0"/></method><method name="recordEvent" desc="(Ljava/lang/String;Ljava/lang/String;Ljava/lang/String;Ljava/lang/String;Ljava/util/Map;)V" line="54"><counter type="INSTRUCTION" missed="37" covered="0"/><counter type="LINE" missed="11" covered="0"/><counter type="COMPLEXITY" missed="1" covered="0"/><counter type="METHOD" missed="1" covered="0"/></method><counter type="INSTRUCTION" missed="123" covered="12"/><counter type="BRANCH" missed="6" covered="0"/><counter type="LINE" missed="27" covered="5"/><counter type="COMPLEXITY" missed="5" covered="1"/><counter type="METHOD" missed="2" covered="1"/><counter type="CLASS" missed="0" covered="1"/></class><sourcefile name="AuthService.java"><line nr="23" mi="0" ci="4" mb="0" cb="0"/><line nr="37" mi="0" ci="2" mb="0" cb="0"/><line nr="38" mi="0" ci="3" mb="0" cb="0"/><line nr="39" mi="0" ci="3" mb="0" cb="0"/><line nr="40" mi="0" ci="6" mb="0" cb="0"/><line nr="41" mi="0" ci="3" mb="0" cb="0"/><line nr="42" mi="0" ci="1" mb="0" cb="0"/><line nr="45" mi="3" ci="0" mb="0" cb="0"/><line nr="47" mi="12" ci="0" mb="0" cb="0"/><line nr="48" mi="2" ci="0" mb="2" cb="0"/><line nr="50" mi="4" ci="0" mb="0" cb="0"/><line nr="51" mi="4" ci="0" mb="0" cb="0"/><line nr="52" mi="3" ci="0" mb="0" cb="0"/><line nr="54" mi="10" ci="0" mb="2" cb="0"/><line nr="55" mi="13" ci="0" mb="4" cb="0"/><line nr="56" mi="3" ci="0" mb="0" cb="0"/><line nr="57" mi="3" ci="0" mb="0" cb="0"/><line nr="58" mi="6" ci="0" mb="0" cb="0"/><line nr="61" mi="2" ci="0" mb="0" cb="0"/><line nr="63" mi="10" ci="0" mb="4" cb="0"/><line nr="64" mi="4" ci="0" mb="0" cb="0"/><line nr="65" mi="2" ci="0" mb="0" cb="0"/><line nr="68" mi="4" ci="0" mb="2" cb="0"/><line nr="69" mi="9" ci="0" mb="4" cb="0"/><line nr="70" mi="3" ci="0" mb="0" cb="0"/><line nr="71" mi="3" ci="0" mb="0" cb="0"/><line nr="73" mi="5" ci="0" mb="2" cb="0"/><line nr="75" mi="3" ci="0" mb="0" cb="0"/><line nr="76" mi="2" ci="0" mb="0" cb="0"/><line nr="79" mi="2" ci="0" mb="2" cb="0"/><line nr="80" mi="5" ci="0" mb="0" cb="0"/><line nr="84" mi="7" ci="0" mb="0" cb="0"/><line nr="86" mi="10" ci="0" mb="0" cb="0"/><line nr="87" mi="1" ci="0" mb="0" cb="0"/><line nr="89" mi="6" ci="0" mb="0" cb="0"/><line nr="90" mi="1" ci="0" mb="0" cb="0"/><line nr="93" mi="8" ci="0" mb="0" cb="0"/><line nr="94" mi="3" ci="0" mb="0" cb="0"/><line nr="95" mi="2" ci="0" mb="0" cb="0"/><line nr="96" mi="3" ci="0" mb="0" cb="0"/><line nr="98" mi="2" ci="0" mb="0" cb="0"/><line nr="99" mi="2" ci="0" mb="0" cb="0"/><line nr="100" mi="3" ci="0" mb="0" cb="0"/><line nr="103" mi="6" ci="0" mb="0" cb="0"/><line nr="108" mi="10" ci="0" mb="4" cb="0"/><line nr="112" mi="4" ci="0" mb="2" cb="0"/><line nr="113" mi="5" ci="0" mb="0" cb="0"/><line nr="114" mi="12" ci="0" mb="4" cb="0"/><line nr="118" mi="6" ci="0" mb="4" cb="0"/><line nr="119" mi="6" ci="0" mb="0" cb="0"/><line nr="121" mi="6" ci="0" mb="0" cb="0"/><line nr="122" mi="2" ci="0" mb="0" cb="0"/><line nr="124" mi="8" ci="0" mb="0" cb="0"/><line nr="125" mi="1" ci="0" mb="0" cb="0"/><line nr="127" mi="4" ci="0" mb="0" cb="0"/><line nr="128" mi="1" ci="0" mb="0" cb="0"/><line nr="129" mi="2" ci="0" mb="2" cb="0"/><line nr="132" mi="5" ci="0" mb="0" cb="0"/><line nr="133" mi="1" ci="0" mb="0" cb="0"/><line nr="134" mi="6" ci="0" mb="0" cb="0"/><line nr="135" mi="1" ci="0" mb="0" cb="0"/><line nr="137" mi="2" ci="0" mb="0" cb="0"/><line nr="145" mi="6" ci="0" mb="4" cb="0"/><line nr="146" mi="6" ci="0" mb="0" cb="0"/><line nr="148" mi="6" ci="0" mb="0" cb="0"/><line nr="153" mi="5" ci="0" mb="0" cb="0"/><line nr="154" mi="1" ci="0" mb="0" cb="0"/><line nr="155" mi="6" ci="0" mb="0" cb="0"/><line nr="156" mi="1" ci="0" mb="0" cb="0"/><line nr="161" mi="6" ci="0" mb="0" cb="0"/><line nr="162" mi="1" ci="0" mb="0" cb="0"/><line nr="163" mi="6" ci="0" mb="0" cb="0"/><line nr="164" mi="1" ci="0" mb="0" cb="0"/><line nr="166" mi="2" ci="0" mb="2" cb="0"/><line nr="167" mi="2" ci="0" mb="0" cb="0"/><line nr="171" mi="6" ci="0" mb="0" cb="0"/><line nr="176" mi="6" ci="0" mb="0" cb="0"/><line nr="178" mi="9" ci="0" mb="0" cb="0"/><line nr="179" mi="1" ci="0" mb="0" cb="0"/><line nr="180" mi="5" ci="0" mb="0" cb="0"/><line nr="181" mi="1" ci="0" mb="0" cb="0"/><line nr="184" mi="12" ci="0" mb="0" cb="0"/><line nr="185" mi="2" ci="0" mb="2" cb="0"/><line nr="186" mi="6" ci="0" mb="0" cb="0"/><line nr="189" mi="8" ci="0" mb="0" cb="0"/><line nr="190" mi="3" ci="0" mb="0" cb="0"/><line nr="191" mi="2" ci="0" mb="0" cb="0"/><line nr="192" mi="3" ci="0" mb="0" cb="0"/><line nr="194" mi="2" ci="0" mb="0" cb="0"/><line nr="195" mi="2" ci="0" mb="0" cb="0"/><line nr="196" mi="3" ci="0" mb="0" cb="0"/><line nr="199" mi="4" ci="0" mb="0" cb="0"/><line nr="200" mi="6" ci="0" mb="0" cb="0"/><line nr="207" mi="2" ci="0" mb="0" cb="0"/><counter type="INSTRUCTION" missed="385" covered="22"/><counter type="BRANCH" missed="46" covered="0"/><counter type="LINE" missed="87" covered="7"/><counter type="COMPLEXITY" missed="29" covered="2"/><counter type="METHOD" missed="6" covered="2"/><counter type="CLASS" missed="0" covered="1"/></sourcefile><sourcefile name="PlanService.java"><line nr="56" mi="13" ci="0" mb="0" cb="0"/><line nr="59" mi="8" ci="0" mb="2" cb="0"/><line nr="67" mi="13" ci="0" mb="0" cb="0"/><line nr="70" mi="8" ci="0" mb="2" cb="0"/><line nr="79" mi="5" ci="0" mb="0" cb="0"/><line nr="96" mi="2" ci="0" mb="0" cb="0"/><line nr="97" mi="3" ci="0" mb="0" cb="0"/><line nr="98" mi="3" ci="0" mb="0" cb="0"/><line nr="99" mi="3" ci="0" mb="0" cb="0"/><line nr="100" mi="3" ci="0" mb="0" cb="0"/><line nr="101" mi="3" ci="0" mb="0" cb="0"/><line nr="102" mi="3" ci="0" mb="0" cb="0"/><line nr="103" mi="3" ci="0" mb="0" cb="0"/><line nr="104" mi="7" ci="0" mb="2" cb="0"/><line nr="105" mi="3" ci="0" mb="0" cb="0"/><line nr="106" mi="2" ci="0" mb="0" cb="0"/><line nr="107" mi="2" ci="0" mb="0" cb="0"/><line nr="110" mi="3" ci="0" mb="0" cb="0"/><line nr="111" mi="3" ci="0" mb="0" cb="0"/><line nr="112" mi="3" ci="0" mb="0" cb="0"/><line nr="113" mi="3" ci="0" mb="0" cb="0"/><line nr="114" mi="3" ci="0" mb="0" cb="0"/><line nr="115" mi="1" ci="0" mb="0" cb="0"/><line nr="118" mi="3" ci="0" mb="0" cb="0"/><line nr="119" mi="4" ci="0" mb="0" cb="0"/><line nr="120" mi="3" ci="0" mb="0" cb="0"/><line nr="121" mi="3" ci="0" mb="0" cb="0"/><line nr="122" mi="4" ci="0" mb="0" cb="0"/><line nr="123" mi="3" ci="0" mb="0" cb="0"/><line nr="124" mi="3" ci="0" mb="0" cb="0"/><line nr="125" mi="5" ci="0" mb="0" cb="0"/><line nr="127" mi="9" ci="0" mb="0" cb="0"/><line nr="128" mi="9" ci="0" mb="0" cb="0"/><line nr="131" mi="4" ci="0" mb="0" cb="0"/><line nr="132" mi="5" ci="0" mb="0" cb="0"/><line nr="133" mi="5" ci="0" mb="0" cb="0"/><line nr="134" mi="6" ci="0" mb="0" cb="0"/><line nr="135" mi="6" ci="0" mb="0" cb="0"/><line nr="137" mi="9" ci="0" mb="0" cb="0"/><line nr="138" mi="6" ci="0" mb="0" cb="0"/><line nr="153" mi="4" ci="0" mb="0" cb="0"/><line nr="154" mi="2" ci="0" mb="0" cb="0"/><line nr="157" mi="14" ci="0" mb="6" cb="0"/><line nr="158" mi="2" ci="0" mb="2" cb="0"/><line nr="159" mi="5" ci="0" mb="0" cb="0"/><line nr="160" mi="3" ci="0" mb="0" cb="0"/><line nr="161" mi="3" ci="0" mb="0" cb="0"/><line nr="162" mi="3" ci="0" mb="0" cb="0"/><line nr="165" mi="4" ci="0" mb="2" cb="0"/><line nr="166" mi="6" ci="0" mb="0" cb="0"/><line nr="167" mi="4" ci="0" mb="2" cb="0"/><line nr="168" mi="6" ci="0" mb="0" cb="0"/><line nr="171" mi="7" ci="0" mb="0" cb="0"/><line nr="174" mi="5" ci="0" mb="0" cb="0"/><line nr="177" mi="4" ci="0" mb="0" cb="0"/><line nr="178" mi="10" ci="0" mb="2" cb="0"/><line nr="179" mi="9" ci="0" mb="4" cb="0"/><line nr="180" mi="4" ci="0" mb="2" cb="0"/><line nr="181" mi="3" ci="0" mb="0" cb="0"/><line nr="182" mi="3" ci="0" mb="0" cb="0"/><line nr="183" mi="3" ci="0" mb="0" cb="0"/><line nr="184" mi="5" ci="0" mb="0" cb="0"/><line nr="186" mi="1" ci="0" mb="0" cb="0"/><line nr="189" mi="10" ci="0" mb="2" cb="0"/><line nr="190" mi="4" ci="0" mb="0" cb="0"/><line nr="191" mi="6" ci="0" mb="0" cb="0"/><line nr="192" mi="6" ci="0" mb="0" cb="0"/><line nr="193" mi="5" ci="0" mb="0" cb="0"/><line nr="194" mi="9" ci="0" mb="2" cb="0"/><line nr="195" mi="7" ci="0" mb="0" cb="0"/><line nr="196" mi="6" ci="0" mb="0" cb="0"/><line nr="197" mi="6" ci="0" mb="0" cb="0"/><line nr="198" mi="6" ci="0" mb="0" cb="0"/><line nr="199" mi="6" ci="0" mb="0" cb="0"/><line nr="200" mi="6" ci="0" mb="0" cb="0"/><line nr="201" mi="5" ci="0" mb="0" cb="0"/><line nr="202" mi="6" ci="0" mb="0" cb="0"/><line nr="203" mi="6" ci="0" mb="0" cb="0"/><line nr="204" mi="6" ci="0" mb="0" cb="0"/><line nr="205" mi="6" ci="0" mb="0" cb="0"/><line nr="206" mi="6" ci="0" mb="0" cb="0"/><line nr="207" mi="4" ci="0" mb="0" cb="0"/><line nr="208" mi="1" ci="0" mb="0" cb="0"/><line nr="209" mi="4" ci="0" mb="0" cb="0"/><line nr="213" mi="8" ci="0" mb="4" cb="0"/><line nr="214" mi="10" ci="0" mb="4" cb="0"/><line nr="215" mi="8" ci="0" mb="0" cb="0"/><line nr="216" mi="2" ci="0" mb="2" cb="0"/><line nr="217" mi="5" ci="0" mb="0" cb="0"/><line nr="218" mi="3" ci="0" mb="0" cb="0"/><line nr="219" mi="3" ci="0" mb="0" cb="0"/><line nr="220" mi="3" ci="0" mb="0" cb="0"/><line nr="223" mi="4" ci="0" mb="2" cb="0"/><line nr="224" mi="5" ci="0" mb="0" cb="0"/><line nr="225" mi="5" ci="0" mb="0" cb="0"/><line nr="226" mi="4" ci="0" mb="2" cb="0"/><line nr="227" mi="5" ci="0" mb="0" cb="0"/><line nr="228" mi="5" ci="0" mb="0" cb="0"/><line nr="229" mi="4" ci="0" mb="2" cb="0"/><line nr="230" mi="5" ci="0" mb="0" cb="0"/><line nr="231" mi="5" ci="0" mb="0" cb="0"/><line nr="236" mi="4" ci="0" mb="0" cb="0"/><line nr="239" mi="13" ci="0" mb="0" cb="0"/><line nr="242" mi="4" ci="0" mb="0" cb="0"/><line nr="243" mi="2" ci="0" mb="0" cb="0"/><line nr="244" mi="7" ci="0" mb="2" cb="0"/><line nr="245" mi="2" ci="0" mb="0" cb="0"/><line nr="246" mi="4" ci="0" mb="0" cb="0"/><line nr="247" mi="3" ci="0" mb="2" cb="0"/><line nr="248" mi="9" ci="0" mb="0" cb="0"/><line nr="249" mi="2" ci="0" mb="0" cb="0"/><line nr="251" mi="10" ci="0" mb="2" cb="0"/><line nr="252" mi="6" ci="0" mb="0" cb="0"/><line nr="253" mi="1" ci="0" mb="0" cb="0"/><line nr="257" mi="11" ci="0" mb="2" cb="0"/><line nr="258" mi="4" ci="0" mb="0" cb="0"/><line nr="259" mi="6" ci="0" mb="0" cb="0"/><line nr="260" mi="6" ci="0" mb="0" cb="0"/><line nr="261" mi="6" ci="0" mb="0" cb="0"/><line nr="262" mi="6" ci="0" mb="0" cb="0"/><line nr="263" mi="6" ci="0" mb="0" cb="0"/><line nr="264" mi="6" ci="0" mb="0" cb="0"/><line nr="265" mi="6" ci="0" mb="0" cb="0"/><line nr="266" mi="6" ci="0" mb="0" cb="0"/><line nr="267" mi="6" ci="0" mb="0" cb="0"/><line nr="268" mi="6" ci="0" mb="0" cb="0"/><line nr="269" mi="6" ci="0" mb="0" cb="0"/><line nr="270" mi="6" ci="0" mb="0" cb="0"/><line nr="271" mi="6" ci="0" mb="0" cb="0"/><line nr="273" mi="6" ci="0" mb="0" cb="0"/><line nr="275" mi="6" ci="0" mb="0" cb="0"/><line nr="276" mi="2" ci="0" mb="2" cb="0"/><line nr="277" mi="6" ci="0" mb="0" cb="0"/><line nr="278" mi="6" ci="0" mb="0" cb="0"/><line nr="279" mi="6" ci="0" mb="0" cb="0"/><line nr="280" mi="7" ci="0" mb="0" cb="0"/><line nr="282" mi="5" ci="0" mb="0" cb="0"/><line nr="283" mi="5" ci="0" mb="0" cb="0"/><line nr="285" mi="6" ci="0" mb="0" cb="0"/><line nr="286" mi="4" ci="0" mb="0" cb="0"/><line nr="287" mi="1" ci="0" mb="0" cb="0"/><line nr="291" mi="4" ci="0" mb="0" cb="0"/><line nr="292" mi="5" ci="0" mb="0" cb="0"/><line nr="293" mi="9" ci="0" mb="0" cb="0"/><line nr="294" mi="6" ci="0" mb="0" cb="0"/><line nr="295" mi="6" ci="0" mb="0" cb="0"/><line nr="296" mi="7" ci="0" mb="0" cb="0"/><line nr="297" mi="2" ci="0" mb="0" cb="0"/><line nr="302" mi="6" ci="0" mb="0" cb="0"/><line nr="303" mi="2" ci="0" mb="2" cb="0"/><line nr="305" mi="3" ci="0" mb="2" cb="0"/><line nr="306" mi="6" ci="0" mb="0" cb="0"/><line nr="308" mi="5" ci="0" mb="2" cb="0"/><line nr="309" mi="6" ci="0" mb="0" cb="0"/><line nr="312" mi="4" ci="0" mb="0" cb="0"/><line nr="316" mi="6" ci="0" mb="0" cb="0"/><line nr="317" mi="2" ci="0" mb="2" cb="0"/><line nr="319" mi="3" ci="0" mb="2" cb="0"/><line nr="320" mi="6" ci="0" mb="0" cb="0"/><line nr="322" mi="5" ci="0" mb="2" cb="0"/><line nr="323" mi="6" ci="0" mb="0" cb="0"/><line nr="326" mi="5" ci="0" mb="0" cb="0"/><line nr="327" mi="4" ci="0" mb="0" cb="0"/><line nr="328" mi="6" ci="0" mb="0" cb="0"/><line nr="329" mi="6" ci="0" mb="0" cb="0"/><line nr="330" mi="9" ci="0" mb="2" cb="0"/><line nr="331" mi="7" ci="0" mb="0" cb="0"/><line nr="332" mi="6" ci="0" mb="0" cb="0"/><line nr="333" mi="6" ci="0" mb="0" cb="0"/><line nr="334" mi="6" ci="0" mb="0" cb="0"/><line nr="335" mi="6" ci="0" mb="0" cb="0"/><line nr="336" mi="6" ci="0" mb="0" cb="0"/><line nr="337" mi="6" ci="0" mb="0" cb="0"/><line nr="338" mi="6" ci="0" mb="0" cb="0"/><line nr="339" mi="6" ci="0" mb="0" cb="0"/><line nr="340" mi="6" ci="0" mb="0" cb="0"/><line nr="341" mi="6" ci="0" mb="0" cb="0"/><line nr="343" mi="6" ci="0" mb="0" cb="0"/><line nr="344" mi="5" ci="0" mb="0" cb="0"/><line nr="345" mi="2" ci="0" mb="0" cb="0"/><line nr="348" mi="6" ci="0" mb="0" cb="0"/><line nr="356" mi="6" ci="0" mb="0" cb="0"/><line nr="357" mi="2" ci="0" mb="2" cb="0"/><line nr="358" mi="6" ci="0" mb="0" cb="0"/><line nr="360" mi="5" ci="0" mb="2" cb="0"/><line nr="361" mi="6" ci="0" mb="0" cb="0"/><line nr="363" mi="3" ci="0" mb="2" cb="0"/><line nr="364" mi="6" ci="0" mb="0" cb="0"/><line nr="366" mi="5" ci="0" mb="2" cb="0"/><line nr="367" mi="1" ci="0" mb="0" cb="0"/><line nr="369" mi="5" ci="0" mb="2" cb="0"/><line nr="370" mi="6" ci="0" mb="0" cb="0"/><line nr="372" mi="3" ci="0" mb="0" cb="0"/><line nr="373" mi="3" ci="0" mb="0" cb="0"/><line nr="374" mi="5" ci="0" mb="0" cb="0"/><line nr="375" mi="9" ci="0" mb="0" cb="0"/><line nr="377" mi="9" ci="0" mb="0" cb="0"/><line nr="378" mi="1" ci="0" mb="0" cb="0"/><line nr="381" mi="4" ci="0" mb="0" cb="0"/><line nr="382" mi="4" ci="0" mb="0" cb="0"/><line nr="383" mi="3" ci="0" mb="0" cb="0"/><line nr="384" mi="4" ci="0" mb="0" cb="0"/><line nr="385" mi="3" ci="0" mb="0" cb="0"/><line nr="386" mi="4" ci="0" mb="0" cb="0"/><line nr="387" mi="4" ci="0" mb="0" cb="0"/><line nr="388" mi="5" ci="0" mb="0" cb="0"/><line nr="389" mi="5" ci="0" mb="0" cb="0"/><line nr="392" mi="10" ci="0" mb="0" cb="0"/><line nr="394" mi="1" ci="0" mb="0" cb="0"/><line nr="396" mi="1" ci="0" mb="0" cb="0"/><line nr="404" mi="6" ci="0" mb="0" cb="0"/><line nr="405" mi="2" ci="0" mb="2" cb="0"/><line nr="406" mi="5" ci="0" mb="2" cb="0"/><line nr="407" mi="6" ci="0" mb="0" cb="0"/><line nr="409" mi="3" ci="0" mb="2" cb="0"/><line nr="410" mi="1" ci="0" mb="0" cb="0"/><line nr="412" mi="3" ci="0" mb="0" cb="0"/><line nr="413" mi="5" ci="0" mb="0" cb="0"/><line nr="414" mi="9" ci="0" mb="0" cb="0"/><line nr="415" mi="1" ci="0" mb="0" cb="0"/><line nr="419" mi="6" ci="0" mb="0" cb="0"/><line nr="420" mi="2" ci="0" mb="2" cb="0"/><line nr="421" mi="5" ci="0" mb="2" cb="0"/><line nr="422" mi="6" ci="0" mb="0" cb="0"/><line nr="424" mi="3" ci="0" mb="2" cb="0"/><line nr="425" mi="1" ci="0" mb="0" cb="0"/><line nr="427" mi="3" ci="0" mb="0" cb="0"/><line nr="428" mi="5" ci="0" mb="0" cb="0"/><line nr="429" mi="9" ci="0" mb="0" cb="0"/><line nr="430" mi="1" ci="0" mb="0" cb="0"/><line nr="433" mi="6" ci="0" mb="0" cb="0"/><line nr="441" mi="6" ci="0" mb="0" cb="0"/><line nr="442" mi="2" ci="0" mb="2" cb="0"/><line nr="443" mi="6" ci="0" mb="0" cb="0"/><line nr="445" mi="5" ci="0" mb="2" cb="0"/><line nr="446" mi="6" ci="0" mb="0" cb="0"/><line nr="448" mi="3" ci="0" mb="2" cb="0"/><line nr="449" mi="6" ci="0" mb="0" cb="0"/><line nr="451" mi="3" ci="0" mb="2" cb="0"/><line nr="452" mi="1" ci="0" mb="0" cb="0"/><line nr="454" mi="5" ci="0" mb="2" cb="0"/><line nr="455" mi="6" ci="0" mb="0" cb="0"/><line nr="457" mi="3" ci="0" mb="0" cb="0"/><line nr="458" mi="3" ci="0" mb="0" cb="0"/><line nr="459" mi="5" ci="0" mb="0" cb="0"/><line nr="460" mi="9" ci="0" mb="0" cb="0"/><line nr="461" mi="1" ci="0" mb="0" cb="0"/><line nr="468" mi="6" ci="0" mb="0" cb="0"/><line nr="469" mi="2" ci="0" mb="2" cb="0"/><line nr="470" mi="6" ci="0" mb="0" cb="0"/><line nr="472" mi="5" ci="0" mb="2" cb="0"/><line nr="473" mi="6" ci="0" mb="0" cb="0"/><line nr="475" mi="3" ci="0" mb="2" cb="0"/><line nr="476" mi="6" ci="0" mb="0" cb="0"/><line nr="478" mi="5" ci="0" mb="2" cb="0"/><line nr="479" mi="6" ci="0" mb="0" cb="0"/><line nr="481" mi="3" ci="0" mb="0" cb="0"/><line nr="482" mi="3" ci="0" mb="0" cb="0"/><line nr="483" mi="5" ci="0" mb="0" cb="0"/><line nr="484" mi="9" ci="0" mb="0" cb="0"/><line nr="485" mi="1" ci="0" mb="0" cb="0"/><line nr="492" mi="6" ci="0" mb="0" cb="0"/><line nr="493" mi="2" ci="0" mb="2" cb="0"/><line nr="494" mi="6" ci="0" mb="0" cb="0"/><line nr="496" mi="5" ci="0" mb="2" cb="0"/><line nr="497" mi="6" ci="0" mb="0" cb="0"/><line nr="499" mi="3" ci="0" mb="2" cb="0"/><line nr="500" mi="6" ci="0" mb="0" cb="0"/><line nr="502" mi="5" ci="0" mb="2" cb="0"/><line nr="503" mi="6" ci="0" mb="0" cb="0"/><line nr="506" mi="4" ci="0" mb="0" cb="0"/><line nr="507" mi="7" ci="0" mb="0" cb="0"/><line nr="508" mi="4" ci="0" mb="0" cb="0"/><line nr="509" mi="2" ci="0" mb="0" cb="0"/><line nr="510" mi="6" ci="0" mb="0" cb="0"/><line nr="511" mi="9" ci="0" mb="0" cb="0"/><line nr="512" mi="1" ci="0" mb="0" cb="0"/><line nr="515" mi="6" ci="0" mb="0" cb="0"/><line nr="516" mi="5" ci="0" mb="4" cb="0"/><line nr="517" mi="6" ci="0" mb="0" cb="0"/><line nr="519" mi="5" ci="0" mb="2" cb="0"/><line nr="520" mi="6" ci="0" mb="0" cb="0"/><line nr="523" mi="4" ci="0" mb="0" cb="0"/><line nr="524" mi="4" ci="0" mb="0" cb="0"/><line nr="525" mi="9" ci="0" mb="4" cb="0"/><line nr="526" mi="3" ci="0" mb="0" cb="0"/><line nr="527" mi="2" ci="0" mb="0" cb="0"/><line nr="528" mi="2" ci="0" mb="0" cb="0"/><line nr="529" mi="2" ci="0" mb="0" cb="0"/><line nr="530" mi="2" ci="0" mb="0" cb="0"/><line nr="531" mi="1" ci="0" mb="0" cb="0"/><line nr="537" mi="2" ci="0" mb="0" cb="0"/><line nr="538" mi="
[...]
g;)V" line="15"><counter type="INSTRUCTION" missed="4" covered="0"/><counter type="LINE" missed="1" covered="0"/><counter type="COMPLEXITY" missed="1" covered="0"/><counter type="METHOD" missed="1" covered="0"/></method><method name="setStyle" desc="(Ljava/lang/String;)V" line="15"><counter type="INSTRUCTION" missed="4" covered="0"/><counter type="LINE" missed="1" covered="0"/><counter type="COMPLEXITY" missed="1" covered="0"/><counter type="METHOD" missed="1" covered="0"/></method><method name="setFormat" desc="(Ljava/lang/String;)V" line="15"><counter type="INSTRUCTION" missed="4" covered="0"/><counter type="LINE" missed="1" covered="0"/><counter type="COMPLEXITY" missed="1" covered="0"/><counter type="METHOD" missed="1" covered="0"/></method><method name="equals" desc="(Ljava/lang/Object;)Z" line="15"><counter type="INSTRUCTION" missed="140" covered="0"/><counter type="BRANCH" missed="48" covered="0"/><counter type="LINE" missed="1" covered="0"/><counter type="COMPLEXITY" missed="25" covered="0"/><counter type="METHOD" missed="1" covered="0"/></method><method name="canEqual" desc="(Ljava/lang/Object;)Z" line="15"><counter type="INSTRUCTION" missed="3" covered="0"/><counter type="LINE" missed="1" covered="0"/><counter type="COMPLEXITY" missed="1" covered="0"/><counter type="METHOD" missed="1" covered="0"/></method><method name="hashCode" desc="()I" line="15"><counter type="INSTRUCTION" missed="104" covered="0"/><counter type="BRANCH" missed="14" covered="0"/><counter type="LINE" missed="1" covered="0"/><counter type="COMPLEXITY" missed="8" covered="0"/><counter type="METHOD" missed="1" covered="0"/></method><method name="toString" desc="()Ljava/lang/String;" line="15"><counter type="INSTRUCTION" missed="18" covered="0"/><counter type="LINE" missed="1" covered="0"/><counter type="COMPLEXITY" missed="1" covered="0"/><counter type="METHOD" missed="1" covered="0"/></method><counter type="INSTRUCTION" missed="479" covered="22"/><counter type="BRANCH" missed="94" covered="0"/><counter type="LINE" missed="28" covered="7"/><counter type="COMPLEXITY" missed="65" covered="7"/><counter type="METHOD" missed="18" covered="7"/><counter type="CLASS" missed="0" covered="1"/></class><class name="com/teamventure/domain/valueobject/MapRequest$Point" sourcefilename="MapRequest.java"><method name="&lt;init&gt;" desc="()V" line="220"><counter type="INSTRUCTION" missed="0" covered="3"/><counter type="LINE" missed="0" covered="1"/><counter type="COMPLEXITY" missed="0" covered="1"/><counter type="METHOD" missed="0" covered="1"/></method><method name="of" desc="(DD)Lcom/teamventure/domain/valueobject/MapRequest$Point;" line="233"><counter type="INSTRUCTION" missed="0" covered="7"/><counter type="LINE" missed="0" covered="4"/><counter type="COMPLEXITY" missed="0" covered="1"/><counter type="METHOD" missed="0" covered="1"/></method><method name="getLongitude" desc="()D" line="242"><counter type="INSTRUCTION" missed="0" covered="3"/><counter type="LINE" missed="0" covered="1"/><counter type="COMPLEXITY" missed="0" covered="1"/><counter type="METHOD" missed="0" covered="1"/></method><method name="getLatitude" desc="()D" line="243"><counter type="INSTRUCTION" missed="0" covered="3"/><counter type="LINE" missed="0" covered="1"/><counter type="COMPLEXITY" missed="0" covered="1"/><counter type="METHOD" missed="0" covered="1"/></method><method name="builder" desc="()Lcom/teamventure/domain/valueobject/MapRequest$Point$PointBuilder;" line="249"><counter type="INSTRUCTION" missed="0" covered="4"/><counter type="LINE" missed="0" covered="1"/><counter type="COMPLEXITY" missed="0" covered="1"/><counter type="METHOD" missed="0" covered="1"/></method><method name="toString" desc="()Ljava/lang/String;" line="276"><counter type="INSTRUCTION" missed="17" covered="0"/><counter type="LINE" missed="1" covered="0"/><counter type="COMPLEXITY" missed="1" covered="0"/><counter type="METHOD" missed="1" covered="0"/></method><method name="setLongitude" desc="(D)V" line="214"><counter type="INSTRUCTION" missed="4" covered="0"/><counter type="LINE" missed="1" covered="0"/><counter type="COMPLEXITY" missed="1" covered="0"/><counter type="METHOD" missed="1" covered="0"/></method><method name="setLatitude" desc="(D)V" line="214"><counter type="INSTRUCTION" missed="4" covered="0"/><counter type="LINE" missed="1" covered="0"/><counter type="COMPLEXITY" missed="1" covered="0"/><counter type="METHOD" missed="1" covered="0"/></method><method name="equals" desc="(Ljava/lang/Object;)Z" line="214"><counter type="INSTRUCTION" missed="14" covered="23"/><counter type="BRANCH" missed="5" covered="5"/><counter type="LINE" missed="0" covered="1"/><counter type="COMPLEXITY" missed="4" covered="2"/><counter type="METHOD" missed="0" covered="1"/></method><method name="canEqual" desc="(Ljava/lang/Object;)Z" line="214"><counter type="INSTRUCTION" missed="0" covered="3"/><counter type="LINE" missed="0" covered="1"/><counter type="COMPLEXITY" missed="0" covered="1"/><counter type="METHOD" missed="0" covered="1"/></method><method name="hashCode" desc="()I" line="214"><counter type="INSTRUCTION" missed="36" covered="0"/><counter type="LINE" missed="1" covered="0"/><counter type="COMPLEXITY" missed="1" covered="0"/><counter type="METHOD" missed="1" covered="0"/></method><counter type="INSTRUCTION" missed="75" covered="46"/><counter type="BRANCH" missed="5" covered="5"/><counter type="LINE" missed="1" covered="9"/><counter type="COMPLEXITY" missed="8" covered="8"/><counter type="METHOD" missed="4" covered="7"/><counter type="CLASS" missed="0" covered="1"/></class><class name="com/teamventure/domain/valueobject/MapSizePreset" sourcefilename="MapSizePreset.java"><method name="&lt;init&gt;" desc="(Ljava/lang/String;IIILjava/lang/String;)V" line="40"><counter type="INSTRUCTION" missed="0" covered="14"/><counter type="LINE" missed="0" covered="5"/><counter type="COMPLEXITY" missed="0" covered="1"/><counter type="METHOD" missed="0" covered="1"/></method><method name="getWidth" desc="()I" line="50"><counter type="INSTRUCTION" missed="3" covered="0"/><counter type="LINE" missed="1" covered="0"/><counter type="COMPLEXITY" missed="1" covered="0"/><counter type="METHOD" missed="1" covered="0"/></method><method name="getHeight" desc="()I" line="57"><counter type="INSTRUCTION" missed="3" covered="0"/><counter type="LINE" missed="1" covered="0"/><counter type="COMPLEXITY" missed="1" covered="0"/><counter type="METHOD" missed="1" covered="0"/></method><method name="getSceneName" desc="()Ljava/lang/String;" line="64"><counter type="INSTRUCTION" missed="3" covered="0"/><counter type="LINE" missed="1" covered="0"/><counter type="COMPLEXITY" missed="1" covered="0"/><counter type="METHOD" missed="1" covered="0"/></method><method name="toApiParam" desc="()Ljava/lang/String;" line="73"><counter type="INSTRUCTION" missed="6" covered="0"/><counter type="LINE" missed="1" covered="0"/><counter type="COMPLEXITY" missed="1" covered="0"/><counter type="METHOD" missed="1" covered="0"/></method><method name="isValid" desc="(Ljava/lang/String;)Z" line="84"><counter type="INSTRUCTION" missed="20" covered="0"/><counter type="BRANCH" missed="6" covered="0"/><counter type="LINE" missed="2" covered="0"/><counter type="COMPLEXITY" missed="4" covered="0"/><counter type="METHOD" missed="1" covered="0"/></method><method name="fromSceneName" desc="(Ljava/lang/String;)Lcom/teamventure/domain/valueobject/MapSizePreset;" line="96"><counter type="INSTRUCTION" missed="29" covered="0"/><counter type="BRANCH" missed="4" covered="0"/><counter type="LINE" missed="4" covered="0"/><counter type="COMPLEXITY" missed="3" covered="0"/><counter type="METHOD" missed="1" covered="0"/></method><method name="estimatedSizeKB" desc="()I" line="111"><counter type="INSTRUCTION" missed="14" covered="0"/><counter type="LINE" missed="2" covered="0"/><counter type="COMPLEXITY" missed="1" covered="0"/><counter type="METHOD" missed="1" covered="0"/></method><method name="toString" desc="()Ljava/lang/String;" line="117"><counter type="INSTRUCTION" missed="28" covered="0"/><counter type="LINE" missed="2" covered="0"/><counter type="COMPLEXITY" missed="1" covered="0"/><counter type="METHOD" missed="1" covered="0"/></method><method name="&lt;clinit&gt;" desc="()V" line="11"><counter type="INSTRUCTION" missed="0" covered="39"/><counter type="LINE" missed="0" covered="5"/><counter type="COMPLEXITY" missed="0" covered="1"/><counter type="METHOD" missed="0" covered="1"/></method><counter type="INSTRUCTION" missed="106" covered="53"/><counter type="BRANCH" missed="10" covered="0"/><counter type="LINE" missed="14" covered="10"/><counter type="COMPLEXITY" missed="13" covered="2"/><counter type="METHOD" missed="8" covered="2"/><counter type="CLASS" missed="0" covered="1"/></class><class name="com/teamventure/domain/valueobject/MapRequest$Point$PointBuilder" sourcefilename="MapRequest.java"><method name="longitude" desc="(D)Lcom/teamventure/domain/valueobject/MapRequest$Point$PointBuilder;" line="257"><counter type="INSTRUCTION" missed="0" covered="5"/><counter type="LINE" missed="0" covered="2"/><counter type="COMPLEXITY" missed="0" covered="1"/><counter type="METHOD" missed="0" covered="1"/></method><method name="latitude" desc="(D)Lcom/teamventure/domain/valueobject/MapRequest$Point$PointBuilder;" line="262"><counter type="INSTRUCTION" missed="0" covered="5"/><counter type="LINE" missed="0" covered="2"/><counter type="COMPLEXITY" missed="0" covered="1"/><counter type="METHOD" missed="0" covered="1"/></method><method name="build" desc="()Lcom/teamventure/domain/valueobject/MapRequest$Point;" line="267"><counter type="INSTRUCTION" missed="0" covered="14"/><counter type="LINE" missed="0" covered="4"/><counter type="COMPLEXITY" missed="0" covered="1"/><counter type="METHOD" missed="0" covered="1"/></method><method name="&lt;init&gt;" desc="()V" line="215"><counter type="INSTRUCTION" missed="0" covered="3"/><counter type="LINE" missed="0" covered="1"/><counter type="COMPLEXITY" missed="0" covered="1"/><counter type="METHOD" missed="0" covered="1"/></method><method name="toString" desc="()Ljava/lang/String;" line="215"><counter type="INSTRUCTION" missed="6" covered="0"/><counter type="LINE" missed="1" covered="0"/><counter type="COMPLEXITY" missed="1" covered="0"/><counter type="METHOD" missed="1" covered="0"/></method><counter type="INSTRUCTION" missed="6" covered="27"/><counter type="LINE" missed="0" covered="9"/><counter type="COMPLEXITY" missed="1" covered="4"/><counter type="METHOD" missed="1" covered="4"/><counter type="CLASS" missed="0" covered="1"/></class><class name="com/teamventure/domain/valueobject/MapRequest$MapRequestBuilder" sourcefilename="MapRequest.java"><method name="size" desc="(Lcom/teamventure/domain/valueobject/MapSizePreset;)Lcom/teamventure/domain/valueobject/MapRequest$MapRequestBuilder;" line="164"><counter type="INSTRUCTION" missed="0" covered="5"/><counter type="LINE" missed="0" covered="2"/><counter type="COMPLEXITY" missed="0" covered="1"/><counter type="METHOD" missed="0" covered="1"/></method><method name="zoom" desc="(Ljava/lang/Integer;)Lcom/teamventure/domain/valueobject/MapRequest$MapRequestBuilder;" line="169"><counter type="INSTRUCTION" missed="0" covered="5"/><counter type="LINE" missed="0" covered="2"/><counter type="COMPLEXITY" missed="0" covered="1"/><counter type="METHOD" missed="0" covered="1"/></method><method name="center" desc="(Lcom/teamventure/domain/valueobject/MapRequest$Point;)Lcom/teamventure/domain/valueobject/MapRequest$MapRequestBuilder;" line="174"><counter type="INSTRUCTION" missed="0" covered="5"/><counter type="LINE" missed="0" covered="2"/><counter type="COMPLEXITY" missed="0" covered="1"/><counter type="METHOD" missed="0" covered="1"/></method><method name="markers" desc="(Ljava/lang/String;)Lcom/teamventure/domain/valueobject/MapRequest$MapRequestBuilder;" line="179"><counter type="INSTRUCTION" missed="0" covered="5"/><counter type="LINE" missed="0" covered="2"/><counter type="COMPLEXITY" missed="0" covered="1"/><counter type="METHOD" missed="0" covered="1"/></method><method name="paths" desc="(Ljava/lang/String;)Lcom/teamventure/domain/valueobject/MapRequest$MapRequestBuilder;" line="184"><counter type="INSTRUCTION" missed="0" covered="5"/><counter type="LINE" missed="0" covered="2"/><counter type="COMPLEXITY" missed="0" covered="1"/><counter type="METHOD" missed="0" covered="1"/></method><method name="style" desc="(Ljava/lang/String;)Lcom/teamventure/domain/valueobject/MapRequest$MapRequestBuilder;" line="189"><counter type="INSTRUCTION" missed="0" covered="5"/><counter type="LINE" missed="0" covered="2"/><counter type="COMPLEXITY" missed="0" covered="1"/><counter type="METHOD" missed="0" covered="1"/></method><method name="format" desc="(Ljava/lang/String;)Lcom/teamventure/domain/valueobject/MapRequest$MapRequestBuilder;" line="194"><counter type="INSTRUCTION" missed="0" covered="5"/><counter type="LINE" missed="0" covered="2"/><counter type="COMPLEXITY" missed="0" covered="1"/><counter type="METHOD" missed="0" covered="1"/></method><method name="build" desc="()Lcom/teamventure/domain/valueobject/MapRequest;" line="199"><counter type="INSTRUCTION" missed="0" covered="34"/><counter type="LINE" missed="0" covered="9"/><counter type="COMPLEXITY" missed="0" covered="1"/><counter type="METHOD" missed="0" covered="1"/></method><method name="&lt;init&gt;" desc="()V" line="16"><counter type="INSTRUCTION" missed="0" covered="9"/><counter type="LINE" missed="0" covered="3"/><counter type="COMPLEXITY" missed="0" covered="1"/><counter type="METHOD" missed="0" covered="1"/></method><method name="toString" desc="()Ljava/lang/String;" line="16"><counter type="INSTRUCTION" missed="18" covered="0"/><counter type="LINE" missed="1" covered="0"/><counter type="COMPLEXITY" missed="1" covered="0"/><counter type="METHOD" missed="1" covered="0"/></method><counter type="INSTRUCTION" missed="18" covered="78"/><counter type="LINE" missed="0" covered="26"/><counter type="COMPLEXITY" missed="1" covered="9"/><counter type="METHOD" missed="1" covered="9"/><counter type="CLASS" missed="0" covered="1"/></class><sourcefile name="MapSizePreset.java"><line nr="11" mi="0" ci="3" mb="0" cb="0"/><line nr="16" mi="0" ci="9" mb="0" cb="0"/><line nr="22" mi="0" ci="9" mb="0" cb="0"/><line nr="28" mi="0" ci="9" mb="0" cb="0"/><line nr="34" mi="0" ci="9" mb="0" cb="0"/><line nr="40" mi="0" ci="4" mb="0" cb="0"/><line nr="41" mi="0" ci="3" mb="0" cb="0"/><line nr="42" mi="0" ci="3" mb="0" cb="0"/><line nr="43" mi="0" ci="3" mb="0" cb="0"/><line nr="44" mi="0" ci="1" mb="0" cb="0"/><line nr="50" mi="3" ci="0" mb="0" cb="0"/><line nr="57" mi="3" ci="0" mb="0" cb="0"/><line nr="64" mi="3" ci="0" mb="0" cb="0"/><line nr="73" mi="6" ci="0" mb="0" cb="0"/><line nr="84" mi="8" ci="0" mb="2" cb="0"/><line nr="85" mi="12" ci="0" mb="4" cb="0"/><line nr="96" mi="16" ci="0" mb="2" cb="0"/><line nr="97" mi="5" ci="0" mb="2" cb="0"/><line nr="98" mi="2" ci="0" mb="0" cb="0"/><line nr="101" mi="6" ci="0" mb="0" cb="0"/><line nr="111" mi="6" ci="0" mb="0" cb="0"/><line nr="112" mi="8" ci="0" mb="0" cb="0"/><line nr="117" mi="14" ci="0" mb="0" cb="0"/><line nr="118" mi="14" ci="0" mb="0" cb="0"/><counter type="INSTRUCTION" missed="106" covered="53"/><counter type="BRANCH" missed="10" covered="0"/><counter type="LINE" missed="14" covered="10"/><counter type="COMPLEXITY" missed="13" covered="2"/><counter type="METHOD" missed="8" covered="2"/><counter type="CLASS" missed="0" covered="1"/></sourcefile><sourcefile name="MapRequest.java"><line nr="15" mi="293" ci="0" mb="62" cb="0"/><line nr="16" mi="22" ci="2" mb="0" cb="0"/><line nr="21" mi="0" ci="3" mb="0" cb="0"/><line nr="83" mi="7" ci="0" mb="0" cb="0"/><line nr="84" mi="11" ci="0" mb="2" cb="0"/><line nr="85" mi="11" ci="0" mb="2" cb="0"/><line nr="86" mi="12" ci="0" mb="2" cb="0"/><line nr="87" mi="10" ci="0" mb="2" cb="0"/><line nr="88" mi="10" ci="0" mb="2" cb="0"/><line nr="89" mi="10" ci="0" mb="2" cb="0"/><line nr="90" mi="8" ci="0" mb="2" cb="0"/><line nr="92" mi="3" ci="0" mb="0" cb="0"/><line nr="102" mi="8" ci="0" mb="0" cb="0"/><line nr="103" mi="6" ci="0" mb="0" cb="0"/><line nr="104" mi="3" ci="0" mb="0" cb="0"/><line nr="114" mi="3" ci="0" mb="2" cb="0"/><line nr="115" mi="5" ci="0" mb="0" cb="0"/><line nr="118" mi="13" ci="0" mb="6" cb="0"/><line nr="119" mi="5" ci="0" mb="0" cb="0"/><line nr="122" mi="3" ci="0" mb="2" cb="0"/><line nr="123" mi="5" ci="0" mb="0" cb="0"/><line nr="127" mi="4" ci="0" mb="0" cb="0"/><line nr="128" mi="4" ci="0" mb="0" cb="0"/><line nr="129" mi="16" ci="0" mb="8" cb="0"/><line nr="130" mi="8" ci="0" mb="0" cb="0"/><line nr="131" mi="10" ci="0" mb="0" cb="0"/><line nr="134" mi="1" ci="0" mb="0" cb="0"/><line nr="139" mi="0" ci="3" mb="0" cb="0"/><line nr="140" mi="0" ci="3" mb="0" cb="0"/><line nr="141" mi="0" ci="3" mb="0" cb="0"/><line nr="142" mi="0" ci="3" mb="0" cb="0"/><line nr="143" mi="3" ci="0" mb="0" cb="0"/><line nr="144" mi="0" ci="3" mb="0" cb="0"/><line nr="145" mi="3" ci="0" mb="0" cb="0"/><line nr="151" mi="0" ci="4" mb="0" cb="0"/><line nr="160" mi="0" ci="3" mb="0" cb="0"/><line nr="161" mi="0" ci="4" mb="0" cb="0"/><line nr="164" mi="0" ci="3" mb="0" cb="0"/><line nr="165" mi="0" ci="2" mb="0" cb="0"/><line nr="169" mi="0" ci="3" mb="0" cb="0"/><line nr="170" mi="0" ci="2" mb="0" cb="0"/><line nr="174" mi="0" ci="3" mb="0" cb="0"/><line nr="175" mi="0" ci="2" mb="0" cb="0"/><line nr="179" mi="0" ci="3" mb="0" cb="0"/><line nr="180" mi="0" ci="2" mb="0" cb="0"/><line nr="184" mi="0" ci="3" mb="0" cb="0"/><line nr="185" mi="0" ci="2" mb="0" cb="0"/><line nr="189" mi="0" ci="3" mb="0" cb="0"/><line nr="190" mi="0" ci="2" mb="0" cb="0"/><line nr="194" mi="0" ci="3" mb="0" cb="0"/><line nr="195" mi="0" ci="2" mb="0" cb="0"/><line nr="199" mi="0" ci="4" mb="0" cb="0"/><line nr="200" mi="0" ci="4" mb="0" cb="0"/><line nr="201" mi="0" ci="4" mb="0" cb="0"/><line nr="202" mi="0" ci="4" mb="0" cb="0"/><line nr="203" mi="0" ci="4" mb="0" cb="0"/><line nr="204" mi="0" ci="4" mb="0" cb="0"/><line nr="205" mi="0" ci="4" mb="0" cb="0"/><line nr="206" mi="0" ci="4" mb="0" cb="0"/><line nr="207" mi="0" ci="2" mb="0" cb="0"/><line nr="214" mi="58" ci="26" mb="5" cb="5"/><line nr="215" mi="6" ci="3" mb="0" cb="0"/><line nr="220" mi="0" ci="3" mb="0" cb="0"/><line nr="233" mi="0" ci="3" mb="0" cb="0"/><line nr="234" mi="0" ci="2" mb="0" cb="0"/><line nr="235" mi="0" ci="1" mb="0" cb="0"/><line nr="236" mi="0" ci="1" mb="0" cb="0"/><line nr="242" mi="0" ci="3" mb="0" cb="0"/><line nr="243" mi="0" ci="3" mb="0" cb="0"/><line nr="249" mi="0" ci="4" mb="0" cb="0"/><line nr="257" mi="0" ci="3" mb="0" cb="0"/><line nr="258" mi="0" ci="2" mb="0" cb="0"/><line nr="262" mi="0" ci="3" mb="0" cb="0"/><line nr="263" mi="0" ci="2" mb="0" cb="0"/><line nr="267" mi="0" ci="4" mb="0" cb="0"/><line nr="268" mi="0" ci="4" mb="0" cb="0"/><line nr="269" mi="0" ci="4" mb="0" cb="0"/><line nr="270" mi="0" ci="2" mb="0" cb="0"/><line nr="276" mi="17" ci="0" mb="0" cb="0"/><counter type="INSTRUCTION" missed="578" covered="173"/><counter type="BRANCH" missed="99" covered="5"/><counter type="LINE" missed="28" covered="51"/><counter type="COMPLEXITY" missed="75" covered="28"/><counter type="METHOD" missed="24" covered="27"/><counter type="CLASS" missed="0" covered="4"/></sourcefile><counter type="INSTRUCTION" missed="684" covered="226"/><counter type="BRANCH" missed="109" covered="5"/><counter type="LINE" missed="42" covered="61"/><counter type="COMPLEXITY" missed="88" covered="30"/><counter type="METHOD" missed="32" covered="29"/><counter type="CLASS" missed="0" covered="5"/></package><counter type="INSTRUCTION" missed="10342" covered="1941"/><counter type="BRANCH" missed="1157" covered="135"/><counter type="LINE" missed="2066" covered="494"/><counter type="COMPLEXITY" missed="1011" covered="164"/><counter type="METHOD" missed="395" covered="125"/><counter type="CLASS" missed="45" covered="28"/></report>